Log file open, 11/06/20 18:04:33
LogInit: Display: Running engine for game: Lost_In_The_House
LogPlatformFile: Not using cached read wrapper
LogTaskGraph: Started task graph with 5 named threads and 47 total threads with 3 sets of task threads.
LogStats: Stats thread started at 0.117052
LogD3D11RHI: Loaded GFSDK_Aftermath_Lib.x64.dll
LogICUInternationalization: ICU TimeZone Detection - Raw Offset: +1:00, Platform Override: ''
LogPluginManager: Mounting plugin Paper2D
LogPluginManager: Mounting plugin AISupport
LogPluginManager: Mounting plugin LightPropagationVolume
LogPluginManager: Mounting plugin CameraShakePreviewer
LogPluginManager: Mounting plugin ActorLayerUtilities
LogPluginManager: Mounting plugin AnimationSharing
LogPluginManager: Mounting plugin CLionSourceCodeAccess
LogPluginManager: Mounting plugin CodeLiteSourceCodeAccess
LogPluginManager: Mounting plugin GitSourceControl
LogPluginManager: Mounting plugin KDevelopSourceCodeAccess
LogPluginManager: Mounting plugin NullSourceCodeAccess
LogPluginManager: Mounting plugin PerforceSourceControl
LogPluginManager: Mounting plugin PlasticSourceControl
LogPluginManager: Mounting plugin RiderSourceCodeAccess
LogPluginManager: Mounting plugin SubversionSourceControl
LogPluginManager: Mounting plugin UObjectPlugin
LogPluginManager: Mounting plugin VisualStudioCodeSourceCodeAccess
LogPluginManager: Mounting plugin VisualStudioSourceCodeAccess
LogPluginManager: Mounting plugin XCodeSourceCodeAccess
LogPluginManager: Mounting plugin AssetManagerEditor
LogPluginManager: Mounting plugin CryptoKeys
LogPluginManager: Mounting plugin CurveEditorTools
LogPluginManager: Mounting plugin DataValidation
LogPluginManager: Mounting plugin EditorScriptingUtilities
LogPluginManager: Mounting plugin FacialAnimation
LogPluginManager: Mounting plugin GameplayTagsEditor
LogPluginManager: Mounting plugin GeometryMode
LogPluginManager: Mounting plugin MacGraphicsSwitching
LogPluginManager: Mounting plugin MaterialAnalyzer
LogPluginManager: Mounting plugin MobileLauncherProfileWizard
LogPluginManager: Mounting plugin PluginBrowser
LogPluginManager: Mounting plugin SpeedTreeImporter
LogPluginManager: Mounting plugin DatasmithContent
LogPluginManager: Mounting plugin VariantManagerContent
LogPluginManager: Mounting plugin AlembicImporter
LogPluginManager: Mounting plugin AutomationUtils
LogPluginManager: Mounting plugin BackChannel
LogPluginManager: Mounting plugin ChaosCloth
LogPluginManager: Mounting plugin ChaosClothEditor
LogPluginManager: Mounting plugin ChaosEditor
LogPluginManager: Mounting plugin ChaosNiagara
LogPluginManager: Mounting plugin ChaosSolverPlugin
LogPluginManager: Mounting plugin CharacterAI
LogPluginManager: Mounting plugin GeometryCache
LogPluginManager: Mounting plugin GeometryCollectionPlugin
LogPluginManager: Mounting plugin GeometryProcessing
LogPluginManager: Mounting plugin PlanarCut
LogPluginManager: Mounting plugin PlatformCrypto
LogPluginManager: Mounting plugin ProxyLODPlugin
LogPluginManager: Mounting plugin PythonScriptPlugin
LogPluginManager: Mounting plugin SkeletalReduction
LogPluginManager: Mounting plugin Niagara
LogPluginManager: Mounting plugin MagicLeap
LogPluginManager: Mounting plugin MagicLeapLightEstimation
LogPluginManager: Mounting plugin MagicLeapMedia
LogPluginManager: Mounting plugin MagicLeapPassableWorld
LogPluginManager: Mounting plugin MLSDK
LogPluginManager: Mounting plugin AndroidMedia
LogPluginManager: Mounting plugin AvfMedia
LogPluginManager: Mounting plugin ImgMedia
LogPluginManager: Mounting plugin MediaCompositing
LogPluginManager: Mounting plugin MediaPlayerEditor
LogPluginManager: Mounting plugin WebMMedia
LogPluginManager: Mounting plugin WmfMedia
LogPluginManager: Mounting plugin MegascansPlugin
LogPluginManager: Mounting plugin MeshPainting
LogPluginManager: Mounting plugin TcpMessaging
LogPluginManager: Mounting plugin UdpMessaging
LogPluginManager: Mounting plugin ActorSequence
LogPluginManager: Mounting plugin LevelSequenceEditor
LogPluginManager: Mounting plugin MatineeToLevelSequence
LogPluginManager: Mounting plugin MovieRenderPipeline
LogPluginManager: Mounting plugin TemplateSequence
LogPluginManager: Mounting plugin NetcodeUnitTest
LogPluginManager: Mounting plugin NUTUnrealEngine4
LogPluginManager: Mounting plugin OnlineSubsystemGooglePlay
LogPluginManager: Mounting plugin OnlineSubsystemIOS
LogPluginManager: Mounting plugin OnlineSubsystem
LogPluginManager: Mounting plugin OnlineSubsystemNull
LogPluginManager: Mounting plugin OnlineSubsystemUtils
LogPluginManager: Mounting plugin LauncherChunkInstaller
LogPluginManager: Mounting plugin AndroidDeviceProfileSelector
LogPluginManager: Mounting plugin AndroidMoviePlayer
LogPluginManager: Mounting plugin AndroidPermission
LogPluginManager: Mounting plugin AppleImageUtils
LogPluginManager: Mounting plugin AppleMoviePlayer
LogPluginManager: Mounting plugin ArchVisCharacter
LogPluginManager: Mounting plugin AssetTags
LogPluginManager: Mounting plugin AudioCapture
LogPluginManager: Mounting plugin CableComponent
LogPluginManager: Mounting plugin CustomMeshComponent
LogPluginManager: Mounting plugin EditableMesh
LogPluginManager: Mounting plugin ExampleDeviceProfileSelector
LogPluginManager: Mounting plugin GoogleCloudMessaging
LogPluginManager: Mounting plugin GooglePAD
LogPluginManager: Mounting plugin IOSDeviceProfileSelector
LogPluginManager: Mounting plugin LinuxDeviceProfileSelector
LogPluginManager: Mounting plugin LocationServicesBPLibrary
LogPluginManager: Mounting plugin MobilePatchingUtils
LogPluginManager: Mounting plugin OculusVR
LogPluginManager: Mounting plugin PhysXVehicles
LogPluginManager: Mounting plugin PostSplashScreen
LogPluginManager: Mounting plugin ProceduralMeshComponent
LogPluginManager: Mounting plugin RuntimePhysXCooking
LogPluginManager: Mounting plugin SignificanceManager
LogPluginManager: Mounting plugin SoundFields
LogPluginManager: Mounting plugin SteamVR
LogPluginManager: Mounting plugin Synthesis
LogPluginManager: Mounting plugin WebMMoviePlayer
LogPluginManager: Mounting plugin WindowsMoviePlayer
LogPluginManager: Mounting plugin ScreenshotTools
LogInit: Using libcurl 7.55.1-DEV
LogInit:  - built for x86_64-pc-win32
LogInit:  - supports SSL with OpenSSL/1.1.1
LogInit:  - supports HTTP deflate (compression) using libz 1.2.8
LogInit:  - other features:
LogInit:      CURL_VERSION_SSL
LogInit:      CURL_VERSION_LIBZ
LogInit:      CURL_VERSION_IPV6
LogInit:      CURL_VERSION_ASYNCHDNS
LogInit:      CURL_VERSION_LARGEFILE
LogInit:      CURL_VERSION_IDN
LogInit:  CurlRequestOptions (configurable via config and command line):
LogInit:  - bVerifyPeer = true  - Libcurl will verify peer certificate
LogInit:  - bUseHttpProxy = false  - Libcurl will NOT use HTTP proxy
LogInit:  - bDontReuseConnections = false  - Libcurl will reuse connections
LogInit:  - MaxHostConnections = 16  - Libcurl will limit the number of connections to a host
LogInit:  - LocalHostAddr = Default
LogInit:  - BufferSize = 65536
LogOnline: OSS: Creating online subsystem instance for: NULL
LogInit: WinSock: version 1.1 (2.2), MaxSocks=32767, MaxUdp=65467
LogOnline: OSS: TryLoadSubsystemAndSetDefault: Loaded subsystem for module [NULL]
LogInit: Build: ++UE4+Release-4.25-CL-13144385
LogInit: Engine Version: 4.25.0-13144385+++UE4+Release-4.25
LogInit: Compatible Engine Version: 4.25.0-13144385+++UE4+Release-4.25
LogInit: Net CL: 13144385
LogInit: OS: Windows 10 (Release 1909) (), CPU: Intel(R) Core(TM) i9-9900KF CPU @ 3.60GHz, GPU: NVIDIA GeForce RTX 2070
LogInit: Compiled (64-bit): May  2 2020 02:12:11
LogInit: Compiled with Visual C++: 19.24.28315.00
LogInit: Build Configuration: Development
LogInit: Branch Name: ++UE4+Release-4.25
LogInit: Command Line: 
LogInit: Base Directory: C:/Program Files/Epic Games/UE_4.25/Engine/Binaries/Win64/
LogInit: Allocator: TBB
LogInit: Installed Engine Build: 1
LogDevObjectVersion: Number of dev versions registered: 26
LogDevObjectVersion:   Dev-Blueprints (B0D832E4-1F89-4F0D-ACCF-7EB736FD4AA2): 10
LogDevObjectVersion:   Dev-Build (E1C64328-A22C-4D53-A36C-8E866417BD8C): 0
LogDevObjectVersion:   Dev-Core (375EC13C-06E4-48FB-B500-84F0262A717E): 4
LogDevObjectVersion:   Dev-Editor (E4B068ED-F494-42E9-A231-DA0B2E46BB41): 38
LogDevObjectVersion:   Dev-Framework (CFFC743F-43B0-4480-9391-14DF171D2073): 37
LogDevObjectVersion:   Dev-Mobile (B02B49B5-BB20-44E9-A304-32B752E40360): 2
LogDevObjectVersion:   Dev-Networking (A4E4105C-59A1-49B5-A7C5-40C4547EDFEE): 0
LogDevObjectVersion:   Dev-Online (39C831C9-5AE6-47DC-9A44-9C173E1C8E7C): 0
LogDevObjectVersion:   Dev-Physics (78F01B33-EBEA-4F98-B9B4-84EACCB95AA2): 4
LogDevObjectVersion:   Dev-Platform (6631380F-2D4D-43E0-8009-CF276956A95A): 0
LogDevObjectVersion:   Dev-Rendering (12F88B9F-8875-4AFC-A67C-D90C383ABD29): 43
LogDevObjectVersion:   Dev-Sequencer (7B5AE74C-D270-4C10-A958-57980B212A5A): 12
LogDevObjectVersion:   Dev-VR (D7296918-1DD6-4BDD-9DE2-64A83CC13884): 3
LogDevObjectVersion:   Dev-LoadTimes (C2A15278-BFE7-4AFE-6C17-90FF531DF755): 1
LogDevObjectVersion:   Private-Geometry (6EACA3D4-40EC-4CC1-B786-8BED09428FC5): 3
LogDevObjectVersion:   Dev-AnimPhys (29E575DD-E0A3-4627-9D10-D276232CDCEA): 17
LogDevObjectVersion:   Dev-Anim (AF43A65D-7FD3-4947-9873-3E8ED9C1BB05): 7
LogDevObjectVersion:   Dev-ReflectionCapture (6B266CEC-1EC7-4B8F-A30B-E4D90942FC07): 1
LogDevObjectVersion:   Dev-Automation (0DF73D61-A23F-47EA-B727-89E90C41499A): 1
LogDevObjectVersion:   FortniteMain (601D1886-AC64-4F84-AA16-D3DE0DEAC7D6): 31
LogDevObjectVersion:   Dev-Enterprise (9DFFBCD6-494F-0158-E221-12823C92A888): 10
LogDevObjectVersion:   Dev-Niagara (F2AED0AC-9AFE-416F-8664-AA7FFA26D6FC): 1
LogDevObjectVersion:   Dev-Destruction (174F1F0B-B4C6-45A5-B13F-2EE8D0FB917D): 10
LogDevObjectVersion:   Dev-Physics-Ext (35F94A83-E258-406C-A318-09F59610247C): 37
LogDevObjectVersion:   Dev-PhysicsMaterial-Chaos (B68FC16E-8B1B-42E2-B453-215C058844FE): 1
LogDevObjectVersion:   Dev-CineCamera (B2E18506-4273-CFC2-A54E-F4BB758BBA07): 1
LogInit: Presizing for max 25165824 objects, including 0 objects not considered by GC, pre-allocating 0 bytes for permanent pool.
LogConfig: Applying CVar settings from Section [/Script/Engine.StreamingSettings] File [C:/Users/flori/OneDrive/Documents/GitHub/Laure/Lost_In_The_House/Saved/Config/Windows/Engine.ini]
LogConfig: Setting CVar [[s.MinBulkDataSizeForAsyncLoading:131072]]
LogConfig: Setting CVar [[s.AsyncLoadingThreadEnabled:0]]
LogConfig: Setting CVar [[s.EventDrivenLoaderEnabled:1]]
LogConfig: Setting CVar [[s.WarnIfTimeLimitExceeded:0]]
LogConfig: Setting CVar [[s.TimeLimitExceededMultiplier:1.5]]
LogConfig: Setting CVar [[s.TimeLimitExceededMinTime:0.005]]
LogConfig: Setting CVar [[s.UseBackgroundLevelStreaming:1]]
LogConfig: Setting CVar [[s.PriorityAsyncLoadingExtraTime:15.0]]
LogConfig: Setting CVar [[s.LevelStreamingActorsUpdateTimeLimit:5.0]]
LogConfig: Setting CVar [[s.PriorityLevelStreamingActorsUpdateExtraTime:5.0]]
LogConfig: Setting CVar [[s.LevelStreamingComponentsRegistrationGranularity:10]]
LogConfig: Setting CVar [[s.UnregisterComponentsTimeLimit:1.0]]
LogConfig: Setting CVar [[s.LevelStreamingComponentsUnregistrationGranularity:5]]
LogConfig: Setting CVar [[s.FlushStreamingOnExit:1]]
LogInit: Object subsystem initialized
LogConfig: Setting CVar [[con.DebugEarlyDefault:1]]
LogConfig: Setting CVar [[r.setres:1280x720]]
[2020.11.06-17.04.33:663][  0]LogConfig: Setting CVar [[r.VSync:0]]
[2020.11.06-17.04.33:663][  0]LogConfig: Setting CVar [[r.RHICmdBypass:0]]
[2020.11.06-17.04.33:663][  0]LogConfig: Applying CVar settings from Section [/Script/Engine.RendererSettings] File [C:/Users/flori/OneDrive/Documents/GitHub/Laure/Lost_In_The_House/Saved/Config/Windows/Engine.ini]
[2020.11.06-17.04.33:663][  0]LogConfig: Setting CVar [[r.GPUCrashDebugging:0]]
[2020.11.06-17.04.33:663][  0]LogConfig: Applying CVar settings from Section [/Script/Engine.RendererOverrideSettings] File [C:/Users/flori/OneDrive/Documents/GitHub/Laure/Lost_In_The_House/Saved/Config/Windows/Engine.ini]
[2020.11.06-17.04.33:663][  0]LogConfig: Applying CVar settings from Section [/Script/Engine.StreamingSettings] File [C:/Users/flori/OneDrive/Documents/GitHub/Laure/Lost_In_The_House/Saved/Config/Windows/Engine.ini]
[2020.11.06-17.04.33:663][  0]LogConfig: Setting CVar [[s.MinBulkDataSizeForAsyncLoading:131072]]
[2020.11.06-17.04.33:663][  0]LogConfig: Setting CVar [[s.AsyncLoadingThreadEnabled:0]]
[2020.11.06-17.04.33:663][  0]LogConfig: Setting CVar [[s.EventDrivenLoaderEnabled:1]]
[2020.11.06-17.04.33:663][  0]LogConfig: Setting CVar [[s.WarnIfTimeLimitExceeded:0]]
[2020.11.06-17.04.33:663][  0]LogConfig: Setting CVar [[s.TimeLimitExceededMultiplier:1.5]]
[2020.11.06-17.04.33:663][  0]LogConfig: Setting CVar [[s.TimeLimitExceededMinTime:0.005]]
[2020.11.06-17.04.33:663][  0]LogConfig: Setting CVar [[s.UseBackgroundLevelStreaming:1]]
[2020.11.06-17.04.33:663][  0]LogConfig: Setting CVar [[s.PriorityAsyncLoadingExtraTime:15.0]]
[2020.11.06-17.04.33:663][  0]LogConfig: Setting CVar [[s.LevelStreamingActorsUpdateTimeLimit:5.0]]
[2020.11.06-17.04.33:663][  0]LogConfig: Setting CVar [[s.PriorityLevelStreamingActorsUpdateExtraTime:5.0]]
[2020.11.06-17.04.33:663][  0]LogConfig: Setting CVar [[s.LevelStreamingComponentsRegistrationGranularity:10]]
[2020.11.06-17.04.33:663][  0]LogConfig: Setting CVar [[s.UnregisterComponentsTimeLimit:1.0]]
[2020.11.06-17.04.33:663][  0]LogConfig: Setting CVar [[s.LevelStreamingComponentsUnregistrationGranularity:5]]
[2020.11.06-17.04.33:663][  0]LogConfig: Setting CVar [[s.FlushStreamingOnExit:1]]
[2020.11.06-17.04.33:663][  0]LogConfig: Applying CVar settings from Section [/Script/Engine.GarbageCollectionSettings] File [C:/Users/flori/OneDrive/Documents/GitHub/Laure/Lost_In_The_House/Saved/Config/Windows/Engine.ini]
[2020.11.06-17.04.33:663][  0]LogConfig: Setting CVar [[gc.MaxObjectsNotConsideredByGC:1]]
[2020.11.06-17.04.33:663][  0]LogConfig: Setting CVar [[gc.SizeOfPermanentObjectPool:0]]
[2020.11.06-17.04.33:663][  0]LogConfig: Setting CVar [[gc.FlushStreamingOnGC:0]]
[2020.11.06-17.04.33:663][  0]LogConfig: Setting CVar [[gc.NumRetriesBeforeForcingGC:10]]
[2020.11.06-17.04.33:663][  0]LogConfig: Setting CVar [[gc.AllowParallelGC:1]]
[2020.11.06-17.04.33:663][  0]LogConfig: Setting CVar [[gc.TimeBetweenPurgingPendingKillObjects:61.1]]
[2020.11.06-17.04.33:663][  0]LogConfig: Setting CVar [[gc.MaxObjectsInEditor:25165824]]
[2020.11.06-17.04.33:663][  0]LogConfig: Setting CVar [[gc.IncrementalBeginDestroyEnabled:1]]
[2020.11.06-17.04.33:663][  0]LogConfig: Setting CVar [[gc.CreateGCClusters:1]]
[2020.11.06-17.04.33:663][  0]LogConfig: Setting CVar [[gc.MinGCClusterSize:5]]
[2020.11.06-17.04.33:663][  0]LogConfig: Setting CVar [[gc.ActorClusteringEnabled:0]]
[2020.11.06-17.04.33:663][  0]LogConfig: Setting CVar [[gc.BlueprintClusteringEnabled:0]]
[2020.11.06-17.04.33:663][  0]LogConfig: Setting CVar [[gc.UseDisregardForGCOnDedicatedServers:0]]
[2020.11.06-17.04.33:663][  0]LogConfig: Applying CVar settings from Section [/Script/Engine.NetworkSettings] File [C:/Users/flori/OneDrive/Documents/GitHub/Laure/Lost_In_The_House/Saved/Config/Windows/Engine.ini]
[2020.11.06-17.04.33:663][  0]LogConfig: Applying CVar settings from Section [/Script/UnrealEd.CookerSettings] File [C:/Users/flori/OneDrive/Documents/GitHub/Laure/Lost_In_The_House/Saved/Config/Windows/Engine.ini]
[2020.11.06-17.04.33:665][  0]LogConfig: Applying CVar settings from Section [ViewDistanceQuality@3] File [C:/Users/flori/OneDrive/Documents/GitHub/Laure/Lost_In_The_House/Saved/Config/Windows/Scalability.ini]
[2020.11.06-17.04.33:665][  0]LogConfig: Setting CVar [[r.SkeletalMeshLODBias:0]]
[2020.11.06-17.04.33:665][  0]LogConfig: Setting CVar [[r.ViewDistanceScale:1.0]]
[2020.11.06-17.04.33:665][  0]LogConfig: Applying CVar settings from Section [AntiAliasingQuality@3] File [C:/Users/flori/OneDrive/Documents/GitHub/Laure/Lost_In_The_House/Saved/Config/Windows/Scalability.ini]
[2020.11.06-17.04.33:665][  0]LogConfig: Setting CVar [[r.PostProcessAAQuality:4]]
[2020.11.06-17.04.33:665][  0]LogConfig: Applying CVar settings from Section [ShadowQuality@3] File [C:/Users/flori/OneDrive/Documents/GitHub/Laure/Lost_In_The_House/Saved/Config/Windows/Scalability.ini]
[2020.11.06-17.04.33:665][  0]LogConfig: Setting CVar [[r.LightFunctionQuality:1]]
[2020.11.06-17.04.33:665][  0]LogConfig: Setting CVar [[r.ShadowQuality:5]]
[2020.11.06-17.04.33:665][  0]LogConfig: Setting CVar [[r.Shadow.CSM.MaxCascades:10]]
[2020.11.06-17.04.33:665][  0]LogConfig: Setting CVar [[r.Shadow.MaxResolution:2048]]
[2020.11.06-17.04.33:665][  0]LogConfig: Setting CVar [[r.Shadow.MaxCSMResolution:2048]]
[2020.11.06-17.04.33:666][  0]LogConfig: Setting CVar [[r.Shadow.RadiusThreshold:0.01]]
[2020.11.06-17.04.33:666][  0]LogConfig: Setting CVar [[r.Shadow.DistanceScale:1.0]]
[2020.11.06-17.04.33:666][  0]LogConfig: Setting CVar [[r.Shadow.CSM.TransitionScale:1.0]]
[2020.11.06-17.04.33:666][  0]LogConfig: Setting CVar [[r.Shadow.PreShadowResolutionFactor:1.0]]
[2020.11.06-17.04.33:666][  0]LogConfig: Setting CVar [[r.DistanceFieldShadowing:1]]
[2020.11.06-17.04.33:666][  0]LogConfig: Setting CVar [[r.DistanceFieldAO:1]]
[2020.11.06-17.04.33:666][  0]LogConfig: Setting CVar [[r.AOQuality:2]]
[2020.11.06-17.04.33:666][  0]LogConfig: Setting CVar [[r.VolumetricFog:1]]
[2020.11.06-17.04.33:666][  0]LogConfig: Setting CVar [[r.VolumetricFog.GridPixelSize:8]]
[2020.11.06-17.04.33:666][  0]LogConfig: Setting CVar [[r.VolumetricFog.GridSizeZ:128]]
[2020.11.06-17.04.33:666][  0]LogConfig: Setting CVar [[r.VolumetricFog.HistoryMissSupersampleCount:4]]
[2020.11.06-17.04.33:666][  0]LogConfig: Setting CVar [[r.LightMaxDrawDistanceScale:1]]
[2020.11.06-17.04.33:666][  0]LogConfig: Setting CVar [[r.CapsuleShadows:1]]
[2020.11.06-17.04.33:666][  0]LogConfig: Applying CVar settings from Section [PostProcessQuality@3] File [C:/Users/flori/OneDrive/Documents/GitHub/Laure/Lost_In_The_House/Saved/Config/Windows/Scalability.ini]
[2020.11.06-17.04.33:666][  0]LogConfig: Setting CVar [[r.MotionBlurQuality:4]]
[2020.11.06-17.04.33:666][  0]LogConfig: Setting CVar [[r.AmbientOcclusionMipLevelFactor:0.4]]
[2020.11.06-17.04.33:666][  0]LogConfig: Setting CVar [[r.AmbientOcclusionMaxQuality:100]]
[2020.11.06-17.04.33:666][  0]LogConfig: Setting CVar [[r.AmbientOcclusionLevels:-1]]
[2020.11.06-17.04.33:666][  0]LogConfig: Setting CVar [[r.AmbientOcclusionRadiusScale:1.0]]
[2020.11.06-17.04.33:666][  0]LogConfig: Setting CVar [[r.DepthOfFieldQuality:2]]
[2020.11.06-17.04.33:666][  0]LogConfig: Setting CVar [[r.RenderTargetPoolMin:400]]
[2020.11.06-17.04.33:666][  0]LogConfig: Setting CVar [[r.LensFlareQuality:2]]
[2020.11.06-17.04.33:666][  0]LogConfig: Setting CVar [[r.SceneColorFringeQuality:1]]
[2020.11.06-17.04.33:666][  0]LogConfig: Setting CVar [[r.EyeAdaptationQuality:2]]
[2020.11.06-17.04.33:666][  0]LogConfig: Setting CVar [[r.BloomQuality:5]]
[2020.11.06-17.04.33:666][  0]LogConfig: Setting CVar [[r.FastBlurThreshold:100]]
[2020.11.06-17.04.33:666][  0]LogConfig: Setting CVar [[r.Upscale.Quality:3]]
[2020.11.06-17.04.33:666][  0]LogConfig: Setting CVar [[r.Tonemapper.GrainQuantization:1]]
[2020.11.06-17.04.33:666][  0]LogConfig: Setting CVar [[r.LightShaftQuality:1]]
[2020.11.06-17.04.33:666][  0]LogConfig: Setting CVar [[r.Filter.SizeScale:1]]
[2020.11.06-17.04.33:666][  0]LogConfig: Setting CVar [[r.Tonemapper.Quality:5]]
[2020.11.06-17.04.33:666][  0]LogConfig: Setting CVar [[r.DOF.Gather.AccumulatorQuality:1        ; higher gathering accumulator quality]]
[2020.11.06-17.04.33:666][  0]LogConfig: Setting CVar [[r.DOF.Gather.PostfilterMethod:1          ; Median3x3 postfilering method]]
[2020.11.06-17.04.33:666][  0]LogConfig: Setting CVar [[r.DOF.Gather.EnableBokehSettings:0       ; no bokeh simulation when gathering]]
[2020.11.06-17.04.33:666][  0]LogConfig: Setting CVar [[r.DOF.Gather.RingCount:4                 ; medium number of samples when gathering]]
[2020.11.06-17.04.33:666][  0]LogConfig: Setting CVar [[r.DOF.Scatter.ForegroundCompositing:1    ; additive foreground scattering]]
[2020.11.06-17.04.33:666][  0]LogConfig: Setting CVar [[r.DOF.Scatter.BackgroundCompositing:2    ; additive background scattering]]
[2020.11.06-17.04.33:666][  0]LogConfig: Setting CVar [[r.DOF.Scatter.EnableBokehSettings:1      ; bokeh simulation when scattering]]
[2020.11.06-17.04.33:666][  0]LogConfig: Setting CVar [[r.DOF.Scatter.MaxSpriteRatio:0.1         ; only a maximum of 10% of scattered bokeh]]
[2020.11.06-17.04.33:666][  0]LogConfig: Setting CVar [[r.DOF.Recombine.Quality:1                ; cheap slight out of focus]]
[2020.11.06-17.04.33:666][  0]LogConfig: Setting CVar [[r.DOF.Recombine.EnableBokehSettings:0    ; no bokeh simulation on slight out of focus]]
[2020.11.06-17.04.33:666][  0]LogConfig: Setting CVar [[r.DOF.TemporalAAQuality:1                ; more stable temporal accumulation]]
[2020.11.06-17.04.33:666][  0]LogConfig: Setting CVar [[r.DOF.Kernel.MaxForegroundRadius:0.025]]
[2020.11.06-17.04.33:666][  0]LogConfig: Setting CVar [[r.DOF.Kernel.MaxBackgroundRadius:0.025]]
[2020.11.06-17.04.33:666][  0]LogConfig: Applying CVar settings from Section [TextureQuality@3] File [C:/Users/flori/OneDrive/Documents/GitHub/Laure/Lost_In_The_House/Saved/Config/Windows/Scalability.ini]
[2020.11.06-17.04.33:666][  0]LogConfig: Setting CVar [[r.Streaming.MipBias:0]]
[2020.11.06-17.04.33:666][  0]LogConfig: Setting CVar [[r.Streaming.AmortizeCPUToGPUCopy:0]]
[2020.11.06-17.04.33:666][  0]LogConfig: Setting CVar [[r.Streaming.MaxNumTexturesToStreamPerFrame:0]]
[2020.11.06-17.04.33:666][  0]LogConfig: Setting CVar [[r.Streaming.Boost:1]]
[2020.11.06-17.04.33:666][  0]LogConfig: Setting CVar [[r.MaxAnisotropy:8]]
[2020.11.06-17.04.33:666][  0]LogConfig: Setting CVar [[r.VT.MaxAnisotropy:8]]
[2020.11.06-17.04.33:666][  0]LogConfig: Setting CVar [[r.Streaming.LimitPoolSizeToVRAM:0]]
[2020.11.06-17.04.33:666][  0]LogConfig: Setting CVar [[r.Streaming.PoolSize:1000]]
[2020.11.06-17.04.33:666][  0]LogConfig: Setting CVar [[r.Streaming.MaxEffectiveScreenSize:0]]
[2020.11.06-17.04.33:666][  0]LogConfig: Applying CVar settings from Section [EffectsQuality@3] File [C:/Users/flori/OneDrive/Documents/GitHub/Laure/Lost_In_The_House/Saved/Config/Windows/Scalability.ini]
[2020.11.06-17.04.33:666][  0]LogConfig: Setting CVar [[r.TranslucencyLightingVolumeDim:64]]
[2020.11.06-17.04.33:666][  0]LogConfig: Setting CVar [[r.RefractionQuality:2]]
[2020.11.06-17.04.33:666][  0]LogConfig: Setting CVar [[r.SSR.Quality:3]]
[2020.11.06-17.04.33:666][  0]LogConfig: Setting CVar [[r.SSR.HalfResSceneColor:0]]
[2020.11.06-17.04.33:666][  0]LogConfig: Setting CVar [[r.SceneColorFormat:4]]
[2020.11.06-17.04.33:666][  0]LogConfig: Setting CVar [[r.DetailMode:2]]
[2020.11.06-17.04.33:666][  0]LogConfig: Setting CVar [[r.TranslucencyVolumeBlur:1]]
[2020.11.06-17.04.33:666][  0]LogConfig: Setting CVar [[r.MaterialQualityLevel:1 ; High quality]]
[2020.11.06-17.04.33:666][  0]LogConfig: Setting CVar [[r.SSS.Scale:1]]
[2020.11.06-17.04.33:666][  0]LogConfig: Setting CVar [[r.SSS.SampleSet:2]]
[2020.11.06-17.04.33:666][  0]LogConfig: Setting CVar [[r.SSS.Quality:1]]
[2020.11.06-17.04.33:666][  0]LogConfig: Setting CVar [[r.SSS.HalfRes:0]]
[2020.11.06-17.04.33:666][  0]LogConfig: Setting CVar [[r.SSGI.Quality:3]]
[2020.11.06-17.04.33:666][  0]LogConfig: Setting CVar [[r.EmitterSpawnRateScale:1.0]]
[2020.11.06-17.04.33:666][  0]LogConfig: Setting CVar [[r.ParticleLightQuality:2]]
[2020.11.06-17.04.33:666][  0]LogConfig: Setting CVar [[r.SkyAtmosphere.AerialPerspectiveLUT.FastApplyOnOpaque:1 ; Always have FastSkyLUT 1 in this case to avoid wrong sky]]
[2020.11.06-17.04.33:666][  0]LogConfig: Setting CVar [[r.SkyAtmosphere.AerialPerspectiveLUT.SampleCountPerSlice:1]]
[2020.11.06-17.04.33:666][  0]LogConfig: Setting CVar [[r.SkyAtmosphere.AerialPerspectiveLUT.DepthResolution:16.0]]
[2020.11.06-17.04.33:666][  0]LogConfig: Setting CVar [[r.SkyAtmosphere.FastSkyLUT:1]]
[2020.11.06-17.04.33:666][  0]LogConfig: Setting CVar [[r.SkyAtmosphere.FastSkyLUT.SampleCountMin:4.0]]
[2020.11.06-17.04.33:666][  0]LogConfig: Setting CVar [[r.SkyAtmosphere.FastSkyLUT.SampleCountMax:32.0]]
[2020.11.06-17.04.33:666][  0]LogConfig: Setting CVar [[r.SkyAtmosphere.SampleCountMin:4.0]]
[2020.11.06-17.04.33:666][  0]LogConfig: Setting CVar [[r.SkyAtmosphere.SampleCountMax:32.0]]
[2020.11.06-17.04.33:666][  0]LogConfig: Setting CVar [[r.SkyAtmosphere.TransmittanceLUT.UseSmallFormat:0]]
[2020.11.06-17.04.33:666][  0]LogConfig: Setting CVar [[r.SkyAtmosphere.TransmittanceLUT.SampleCount:10.0]]
[2020.11.06-17.04.33:666][  0]LogConfig: Setting CVar [[r.SkyAtmosphere.MultiScatteringLUT.SampleCount:15.0]]
[2020.11.06-17.04.33:666][  0]LogConfig: Applying CVar settings from Section [FoliageQuality@3] File [C:/Users/flori/OneDrive/Documents/GitHub/Laure/Lost_In_The_House/Saved/Config/Windows/Scalability.ini]
[2020.11.06-17.04.33:666][  0]LogConfig: Setting CVar [[foliage.DensityScale:1.0]]
[2020.11.06-17.04.33:666][  0]LogConfig: Setting CVar [[grass.DensityScale:1.0]]
[2020.11.06-17.04.33:666][  0]LogConfig: Applying CVar settings from Section [ShadingQuality@3] File [C:/Users/flori/OneDrive/Documents/GitHub/Laure/Lost_In_The_House/Saved/Config/Windows/Scalability.ini]
[2020.11.06-17.04.33:666][  0]LogConfig: Setting CVar [[r.HairStrands.SkyLighting.SampleCount:16]]
[2020.11.06-17.04.33:666][  0]LogConfig: Setting CVar [[r.HairStrands.SkyLighting.JitterIntegration:0]]
[2020.11.06-17.04.33:666][  0]LogConfig: Setting CVar [[r.HairStrands.SkyAO.SampleCount:16]]
[2020.11.06-17.04.33:666][  0]LogConfig: Setting CVar [[r.HairStrands.DeepShadow.SuperSampling:0]]
[2020.11.06-17.04.33:666][  0]LogConfig: Setting CVar [[r.HairStrands.VisibilityPPLL:0]]
[2020.11.06-17.04.33:666][  0]LogConfig: Setting CVar [[r.HairStrands.RasterizationScale:0.5]]
[2020.11.06-17.04.33:666][  0]LogConfig: Setting CVar [[r.HairStrands.VelocityRasterizationScale:1]]
[2020.11.06-17.04.33:666][  0]LogInit: Selected Device Profile: [Windows]
[2020.11.06-17.04.33:666][  0]LogInit: Applying CVar settings loaded from the selected device profile: [Windows]
[2020.11.06-17.04.33:666][  0]LogHAL: Display: Platform has ~ 64 GB [68657844224 / 68719476736 / 64], which maps to Largest [LargestMinGB=32, LargerMinGB=12, DefaultMinGB=8, SmallerMinGB=6, SmallestMinGB=0)
[2020.11.06-17.04.33:666][  0]LogInit: Going up to parent DeviceProfile []
[2020.11.06-17.04.33:666][  0]LogConfig: Applying CVar settings from Section [ViewDistanceQuality@2] File [C:/Users/flori/OneDrive/Documents/GitHub/Laure/Lost_In_The_House/Saved/Config/Windows/Scalability.ini]
[2020.11.06-17.04.33:666][  0]LogConfig: Setting CVar [[r.SkeletalMeshLODBias:0]]
[2020.11.06-17.04.33:667][  0]LogConfig: Setting CVar [[r.ViewDistanceScale:0.8]]
[2020.11.06-17.04.33:667][  0]LogConfig: Applying CVar settings from Section [AntiAliasingQuality@2] File [C:/Users/flori/OneDrive/Documents/GitHub/Laure/Lost_In_The_House/Saved/Config/Windows/Scalability.ini]
[2020.11.06-17.04.33:667][  0]LogConfig: Setting CVar [[r.PostProcessAAQuality:3]]
[2020.11.06-17.04.33:667][  0]LogConfig: Applying CVar settings from Section [ShadowQuality@2] File [C:/Users/flori/OneDrive/Documents/GitHub/Laure/Lost_In_The_House/Saved/Config/Windows/Scalability.ini]
[2020.11.06-17.04.33:667][  0]LogConfig: Setting CVar [[r.LightFunctionQuality:1]]
[2020.11.06-17.04.33:667][  0]LogConfig: Setting CVar [[r.ShadowQuality:5]]
[2020.11.06-17.04.33:667][  0]LogConfig: Setting CVar [[r.Shadow.CSM.MaxCascades:4]]
[2020.11.06-17.04.33:667][  0]LogConfig: Setting CVar [[r.Shadow.MaxResolution:1024]]
[2020.11.06-17.04.33:667][  0]LogConfig: Setting CVar [[r.Shadow.MaxCSMResolution:2048]]
[2020.11.06-17.04.33:667][  0]LogConfig: Setting CVar [[r.Shadow.RadiusThreshold:0.04]]
[2020.11.06-17.04.33:667][  0]LogConfig: Setting CVar [[r.Shadow.DistanceScale:0.85]]
[2020.11.06-17.04.33:667][  0]LogConfig: Setting CVar [[r.Shadow.CSM.TransitionScale:0.8]]
[2020.11.06-17.04.33:667][  0]LogConfig: Setting CVar [[r.Shadow.PreShadowResolutionFactor:0.5]]
[2020.11.06-17.04.33:667][  0]LogConfig: Setting CVar [[r.DistanceFieldShadowing:1]]
[2020.11.06-17.04.33:667][  0]LogConfig: Setting CVar [[r.DistanceFieldAO:1]]
[2020.11.06-17.04.33:667][  0]LogConfig: Setting CVar [[r.AOQuality:1]]
[2020.11.06-17.04.33:667][  0]LogConfig: Setting CVar [[r.VolumetricFog:1]]
[2020.11.06-17.04.33:667][  0]LogConfig: Setting CVar [[r.VolumetricFog.GridPixelSize:16]]
[2020.11.06-17.04.33:667][  0]LogConfig: Setting CVar [[r.VolumetricFog.GridSizeZ:64]]
[2020.11.06-17.04.33:667][  0]LogConfig: Setting CVar [[r.VolumetricFog.HistoryMissSupersampleCount:4]]
[2020.11.06-17.04.33:667][  0]LogConfig: Setting CVar [[r.LightMaxDrawDistanceScale:1]]
[2020.11.06-17.04.33:667][  0]LogConfig: Setting CVar [[r.CapsuleShadows:1]]
[2020.11.06-17.04.33:667][  0]LogConfig: Applying CVar settings from Section [PostProcessQuality@2] File [C:/Users/flori/OneDrive/Documents/GitHub/Laure/Lost_In_The_House/Saved/Config/Windows/Scalability.ini]
[2020.11.06-17.04.33:667][  0]LogConfig: Setting CVar [[r.MotionBlurQuality:3]]
[2020.11.06-17.04.33:667][  0]LogConfig: Setting CVar [[r.AmbientOcclusionMipLevelFactor:0.6]]
[2020.11.06-17.04.33:667][  0]LogConfig: Setting CVar [[r.AmbientOcclusionMaxQuality:100]]
[2020.11.06-17.04.33:667][  0]LogConfig: Setting CVar [[r.AmbientOcclusionLevels:-1]]
[2020.11.06-17.04.33:667][  0]LogConfig: Setting CVar [[r.AmbientOcclusionRadiusScale:1.5]]
[2020.11.06-17.04.33:667][  0]LogConfig: Setting CVar [[r.DepthOfFieldQuality:2]]
[2020.11.06-17.04.33:667][  0]LogConfig: Setting CVar [[r.RenderTargetPoolMin:400]]
[2020.11.06-17.04.33:667][  0]LogConfig: Setting CVar [[r.LensFlareQuality:2]]
[2020.11.06-17.04.33:667][  0]LogConfig: Setting CVar [[r.SceneColorFringeQuality:1]]
[2020.11.06-17.04.33:667][  0]LogConfig: Setting CVar [[r.EyeAdaptationQuality:2]]
[2020.11.06-17.04.33:667][  0]LogConfig: Setting CVar [[r.BloomQuality:5]]
[2020.11.06-17.04.33:667][  0]LogConfig: Setting CVar [[r.FastBlurThreshold:3]]
[2020.11.06-17.04.33:667][  0]LogConfig: Setting CVar [[r.Upscale.Quality:2]]
[2020.11.06-17.04.33:667][  0]LogConfig: Setting CVar [[r.Tonemapper.GrainQuantization:1]]
[2020.11.06-17.04.33:667][  0]LogConfig: Setting CVar [[r.LightShaftQuality:1]]
[2020.11.06-17.04.33:667][  0]LogConfig: Setting CVar [[r.Filter.SizeScale:0.8]]
[2020.11.06-17.04.33:667][  0]LogConfig: Setting CVar [[r.Tonemapper.Quality:5]]
[2020.11.06-17.04.33:667][  0]LogConfig: Setting CVar [[r.DOF.Gather.AccumulatorQuality:0        ; lower gathering accumulator quality]]
[2020.11.06-17.04.33:667][  0]LogConfig: Setting CVar [[r.DOF.Gather.PostfilterMethod:2          ; Max3x3 postfilering method]]
[2020.11.06-17.04.33:667][  0]LogConfig: Setting CVar [[r.DOF.Gather.EnableBokehSettings:0       ; no bokeh simulation when gathering]]
[2020.11.06-17.04.33:667][  0]LogConfig: Setting CVar [[r.DOF.Gather.RingCount:4                 ; medium number of samples when gathering]]
[2020.11.06-17.04.33:667][  0]LogConfig: Setting CVar [[r.DOF.Scatter.ForegroundCompositing:1    ; additive foreground scattering]]
[2020.11.06-17.04.33:667][  0]LogConfig: Setting CVar [[r.DOF.Scatter.BackgroundCompositing:1    ; no background occlusion]]
[2020.11.06-17.04.33:667][  0]LogConfig: Setting CVar [[r.DOF.Scatter.EnableBokehSettings:0      ; no bokeh simulation when scattering]]
[2020.11.06-17.04.33:667][  0]LogConfig: Setting CVar [[r.DOF.Scatter.MaxSpriteRatio:0.04        ; only a maximum of 4% of scattered bokeh]]
[2020.11.06-17.04.33:667][  0]LogConfig: Setting CVar [[r.DOF.Recombine.Quality:0                ; no slight out of focus]]
[2020.11.06-17.04.33:667][  0]LogConfig: Setting CVar [[r.DOF.TemporalAAQuality:0                ; faster temporal accumulation]]
[2020.11.06-17.04.33:667][  0]LogConfig: Setting CVar [[r.DOF.Kernel.MaxForegroundRadius:0.012   ; required because of AccumulatorQuality=0]]
[2020.11.06-17.04.33:667][  0]LogConfig: Setting CVar [[r.DOF.Kernel.MaxBackgroundRadius:0.012   ; required because of AccumulatorQuality=0]]
[2020.11.06-17.04.33:667][  0]LogConfig: Applying CVar settings from Section [TextureQuality@2] File [C:/Users/flori/OneDrive/Documents/GitHub/Laure/Lost_In_The_House/Saved/Config/Windows/Scalability.ini]
[2020.11.06-17.04.33:667][  0]LogConfig: Setting CVar [[r.Streaming.MipBias:0]]
[2020.11.06-17.04.33:667][  0]LogConfig: Setting CVar [[r.Streaming.AmortizeCPUToGPUCopy:0]]
[2020.11.06-17.04.33:667][  0]LogConfig: Setting CVar [[r.Streaming.MaxNumTexturesToStreamPerFrame:0]]
[2020.11.06-17.04.33:667][  0]LogConfig: Setting CVar [[r.Streaming.Boost:1]]
[2020.11.06-17.04.33:667][  0]LogConfig: Setting CVar [[r.MaxAnisotropy:4]]
[2020.11.06-17.04.33:667][  0]LogConfig: Setting CVar [[r.VT.MaxAnisotropy:8]]
[2020.11.06-17.04.33:667][  0]LogConfig: Setting CVar [[r.Streaming.LimitPoolSizeToVRAM:1]]
[2020.11.06-17.04.33:667][  0]LogConfig: Setting CVar [[r.Streaming.PoolSize:800]]
[2020.11.06-17.04.33:667][  0]LogConfig: Setting CVar [[r.Streaming.MaxEffectiveScreenSize:0]]
[2020.11.06-17.04.33:667][  0]LogConfig: Applying CVar settings from Section [EffectsQuality@2] File [C:/Users/flori/OneDrive/Documents/GitHub/Laure/Lost_In_The_House/Saved/Config/Windows/Scalability.ini]
[2020.11.06-17.04.33:667][  0]LogConfig: Setting CVar [[r.TranslucencyLightingVolumeDim:48]]
[2020.11.06-17.04.33:667][  0]LogConfig: Setting CVar [[r.RefractionQuality:2]]
[2020.11.06-17.04.33:667][  0]LogConfig: Setting CVar [[r.SSR.Quality:2]]
[2020.11.06-17.04.33:667][  0]LogConfig: Setting CVar [[r.SSR.HalfResSceneColor:1]]
[2020.11.06-17.04.33:667][  0]LogConfig: Setting CVar [[r.SceneColorFormat:3]]
[2020.11.06-17.04.33:667][  0]LogConfig: Setting CVar [[r.DetailMode:1]]
[2020.11.06-17.04.33:667][  0]LogConfig: Setting CVar [[r.TranslucencyVolumeBlur:1]]
[2020.11.06-17.04.33:667][  0]LogConfig: Setting CVar [[r.MaterialQualityLevel:1 ; High quality]]
[2020.11.06-17.04.33:667][  0]LogConfig: Setting CVar [[r.SSS.Scale:1]]
[2020.11.06-17.04.33:667][  0]LogConfig: Setting CVar [[r.SSS.SampleSet:1]]
[2020.11.06-17.04.33:667][  0]LogConfig: Setting CVar [[r.SSS.Quality:-1]]
[2020.11.06-17.04.33:667][  0]LogConfig: Setting CVar [[r.SSS.HalfRes:1]]
[2020.11.06-17.04.33:667][  0]LogConfig: Setting CVar [[r.SSGI.Quality:2]]
[2020.11.06-17.04.33:667][  0]LogConfig: Setting CVar [[r.EmitterSpawnRateScale:0.5]]
[2020.11.06-17.04.33:667][  0]LogConfig: Setting CVar [[r.ParticleLightQuality:1]]
[2020.11.06-17.04.33:667][  0]LogConfig: Setting CVar [[r.SkyAtmosphere.AerialPerspectiveLUT.FastApplyOnOpaque:1 ; Always have FastSkyLUT 1 in this case to avoid wrong sky]]
[2020.11.06-17.04.33:667][  0]LogConfig: Setting CVar [[r.SkyAtmosphere.AerialPerspectiveLUT.SampleCountPerSlice:1]]
[2020.11.06-17.04.33:667][  0]LogConfig: Setting CVar [[r.SkyAtmosphere.AerialPerspectiveLUT.DepthResolution:16.0]]
[2020.11.06-17.04.33:667][  0]LogConfig: Setting CVar [[r.SkyAtmosphere.FastSkyLUT:1]]
[2020.11.06-17.04.33:667][  0]LogConfig: Setting CVar [[r.SkyAtmosphere.FastSkyLUT.SampleCountMin:4.0]]
[2020.11.06-17.04.33:667][  0]LogConfig: Setting CVar [[r.SkyAtmosphere.FastSkyLUT.SampleCountMax:32.0]]
[2020.11.06-17.04.33:667][  0]LogConfig: Setting CVar [[r.SkyAtmosphere.SampleCountMin:4.0]]
[2020.11.06-17.04.33:667][  0]LogConfig: Setting CVar [[r.SkyAtmosphere.SampleCountMax:32.0]]
[2020.11.06-17.04.33:667][  0]LogConfig: Setting CVar [[r.SkyAtmosphere.TransmittanceLUT.UseSmallFormat:0]]
[2020.11.06-17.04.33:667][  0]LogConfig: Setting CVar [[r.SkyAtmosphere.TransmittanceLUT.SampleCount:10.0]]
[2020.11.06-17.04.33:667][  0]LogConfig: Setting CVar [[r.SkyAtmosphere.MultiScatteringLUT.SampleCount:15.0]]
[2020.11.06-17.04.33:667][  0]LogConfig: Applying CVar settings from Section [FoliageQuality@2] File [C:/Users/flori/OneDrive/Documents/GitHub/Laure/Lost_In_The_House/Saved/Config/Windows/Scalability.ini]
[2020.11.06-17.04.33:667][  0]LogConfig: Setting CVar [[foliage.DensityScale:0.8]]
[2020.11.06-17.04.33:667][  0]LogConfig: Setting CVar [[grass.DensityScale:0.8]]
[2020.11.06-17.04.33:667][  0]LogConfig: Applying CVar settings from Section [ShadingQuality@2] File [C:/Users/flori/OneDrive/Documents/GitHub/Laure/Lost_In_The_House/Saved/Config/Windows/Scalability.ini]
[2020.11.06-17.04.33:667][  0]LogConfig: Setting CVar [[r.HairStrands.SkyLighting.SampleCount:16]]
[2020.11.06-17.04.33:667][  0]LogConfig: Setting CVar [[r.HairStrands.SkyLighting.JitterIntegration:0]]
[2020.11.06-17.04.33:667][  0]LogConfig: Setting CVar [[r.HairStrands.SkyAO.SampleCount:16]]
[2020.11.06-17.04.33:667][  0]LogConfig: Setting CVar [[r.HairStrands.DeepShadow.SuperSampling:0]]
[2020.11.06-17.04.33:667][  0]LogConfig: Setting CVar [[r.HairStrands.VisibilityPPLL:0]]
[2020.11.06-17.04.33:667][  0]LogConfig: Setting CVar [[r.HairStrands.RasterizationScale:0.5]]
[2020.11.06-17.04.33:667][  0]LogConfig: Setting CVar [[r.HairStrands.VelocityRasterizationScale:1]]
[2020.11.06-17.04.33:667][  0]LogConfig: Applying CVar settings from Section [Startup] File [../../../Engine/Config/ConsoleVariables.ini]
[2020.11.06-17.04.33:668][  0]LogConfig: Setting CVar [[net.UseAdaptiveNetUpdateFrequency:0]]
[2020.11.06-17.04.33:668][  0]LogConfig: Setting CVar [[p.chaos.AllowCreatePhysxBodies:1]]
[2020.11.06-17.04.33:668][  0]LogConfig: Setting CVar [[fx.SkipVectorVMBackendOptimizations:1]]
[2020.11.06-17.04.33:668][  0]LogConfig: Applying CVar settings from Section [ConsoleVariables] File [C:/Users/flori/OneDrive/Documents/GitHub/Laure/Lost_In_The_House/Saved/Config/Windows/Engine.ini]
[2020.11.06-17.04.33:668][  0]LogInit: Computer: FLORIAN-PC
[2020.11.06-17.04.33:668][  0]LogInit: User: Florian
[2020.11.06-17.04.33:668][  0]LogInit: CPU Page size=4096, Cores=8
[2020.11.06-17.04.33:668][  0]LogInit: High frequency timer resolution =10.000000 MHz
[2020.11.06-17.04.33:668][  0]LogMemory: Memory total: Physical=63.9GB (64GB approx)
[2020.11.06-17.04.33:668][  0]LogMemory: Platform Memory Stats for Windows
[2020.11.06-17.04.33:668][  0]LogMemory: Process Physical Memory: 115.27 MB used, 115.27 MB peak
[2020.11.06-17.04.33:668][  0]LogMemory: Process Virtual Memory: 99.32 MB used, 99.32 MB peak
[2020.11.06-17.04.33:668][  0]LogMemory: Physical Memory: 13414.53 MB used,  52062.69 MB free, 65477.22 MB total
[2020.11.06-17.04.33:668][  0]LogMemory: Virtual Memory: 5190.61 MB used,  134212536.00 MB free, 134217728.00 MB total
[2020.11.06-17.04.33:673][  0]LogWindows: WindowsPlatformFeatures enabled
[2020.11.06-17.04.33:707][  0]LogInit: Physics initialised using underlying interface: PhysX
[2020.11.06-17.04.33:709][  0]LogInit: Using OS detected language (fr-FR).
[2020.11.06-17.04.33:709][  0]LogInit: Using OS detected locale (fr-FR).
[2020.11.06-17.04.33:714][  0]LogTextLocalizationManager: No specific localization for 'fr-FR' exists, so the 'fr' localization will be used.
[2020.11.06-17.04.33:714][  0]LogTextLocalizationResource: LocRes '../../../Engine/Content/Localization/Editor/fr/Editor.locres' could not be opened for reading!
[2020.11.06-17.04.33:714][  0]LogTextLocalizationResource: LocRes '../../../Engine/Content/Localization/EditorTutorials/fr/EditorTutorials.locres' could not be opened for reading!
[2020.11.06-17.04.33:714][  0]LogTextLocalizationResource: LocRes '../../../Engine/Content/Localization/Keywords/fr/Keywords.locres' could not be opened for reading!
[2020.11.06-17.04.33:715][  0]LogTextLocalizationResource: LocRes '../../../Engine/Content/Localization/Category/fr/Category.locres' could not be opened for reading!
[2020.11.06-17.04.33:715][  0]LogTextLocalizationResource: LocRes '../../../Engine/Content/Localization/ToolTips/fr/ToolTips.locres' could not be opened for reading!
[2020.11.06-17.04.33:715][  0]LogTextLocalizationResource: LocRes '../../../Engine/Content/Localization/PropertyNames/fr/PropertyNames.locres' could not be opened for reading!
[2020.11.06-17.04.33:715][  0]LogTextLocalizationResource: LocRes '../../../Engine/Content/Localization/Engine/fr/Engine.locres' could not be opened for reading!
[2020.11.06-17.04.33:716][  0]LogInit: Setting process to per monitor DPI aware
[2020.11.06-17.04.33:746][  0]LogSlate: New Slate User Created.  User Index 0, Is Virtual User: 0
[2020.11.06-17.04.33:746][  0]LogSlate: Slate User Registered.  User Index 0, Is Virtual User: 0
[2020.11.06-17.04.33:844][  0]LogHMD: Failed to initialize OpenVR with code 110
[2020.11.06-17.04.33:844][  0]LogD3D11RHI: D3D11 min allowed feature level: 11_0
[2020.11.06-17.04.33:844][  0]LogD3D11RHI: D3D11 max allowed feature level: 11_0
[2020.11.06-17.04.33:844][  0]LogD3D11RHI: D3D11 adapters:
[2020.11.06-17.04.33:909][  0]LogD3D11RHI:    0. 'NVIDIA GeForce RTX 2070' (Feature Level 11_0)
[2020.11.06-17.04.33:909][  0]LogD3D11RHI:       8031/0/32738 MB DedicatedVideo/DedicatedSystem/SharedSystem, Outputs:2, VendorId:0x10de
[2020.11.06-17.04.33:912][  0]LogD3D11RHI:    1. 'Microsoft Basic Render Driver' (Feature Level 11_0)
[2020.11.06-17.04.33:912][  0]LogD3D11RHI:       0/0/32738 MB DedicatedVideo/DedicatedSystem/SharedSystem, Outputs:0, VendorId:0x1414
[2020.11.06-17.04.33:912][  0]LogD3D11RHI: Chosen D3D11 Adapter: 0
[2020.11.06-17.04.33:922][  0]LogD3D11RHI: Creating new Direct3DDevice
[2020.11.06-17.04.33:922][  0]LogD3D11RHI:     GPU DeviceId: 0x1f02 (for the marketing name, search the web for "GPU Device Id")
[2020.11.06-17.04.33:922][  0]LogWindows: EnumDisplayDevices:
[2020.11.06-17.04.33:922][  0]LogWindows:    0. 'NVIDIA GeForce RTX 2070' (P:0 D:1)
[2020.11.06-17.04.33:922][  0]LogWindows:    1. 'NVIDIA GeForce RTX 2070' (P:1 D:1)
[2020.11.06-17.04.33:923][  0]LogWindows:    2. 'NVIDIA GeForce RTX 2070' (P:0 D:0)
[2020.11.06-17.04.33:923][  0]LogWindows:    3. 'NVIDIA GeForce RTX 2070' (P:0 D:0)
[2020.11.06-17.04.33:923][  0]LogWindows: DebugString: FoundDriverCount:4 
[2020.11.06-17.04.33:923][  0]LogD3D11RHI:     Adapter Name: NVIDIA GeForce RTX 2070
[2020.11.06-17.04.33:923][  0]LogD3D11RHI:   Driver Version: 452.06 (internal:27.21.14.5206, unified:452.06)
[2020.11.06-17.04.33:923][  0]LogD3D11RHI:      Driver Date: 8-12-2020
[2020.11.06-17.04.33:923][  0]LogRHI: Texture pool is 5621 MB (70% of 8031 MB)
[2020.11.06-17.04.33:960][  0]LogD3D11RHI: RHI has support for 64 bit atomics
[2020.11.06-17.04.33:963][  0]LogD3D11RHI: [Aftermath] Enabled and primed
[2020.11.06-17.04.33:963][  0]LogD3D11RHI: Async texture creation enabled
[2020.11.06-17.04.33:963][  0]LogD3D11RHI: Array index from any shader is supported
[2020.11.06-17.04.33:977][  0]LogD3D11RHI: GPU Timing Frequency: 1000.000000 (Debug: 2 1)
[2020.11.06-17.04.34:284][  0]LogTargetPlatformManager: Display: Loaded TargetPlatform 'AllDesktop'
[2020.11.06-17.04.34:303][  0]LogTargetPlatformManager: Display: Loaded TargetPlatform 'Android'
[2020.11.06-17.04.34:303][  0]LogTargetPlatformManager: Display: Loaded TargetPlatform 'Android_ASTC'
[2020.11.06-17.04.34:303][  0]LogTargetPlatformManager: Display: Loaded TargetPlatform 'Android_DXT'
[2020.11.06-17.04.34:303][  0]LogTargetPlatformManager: Display: Loaded TargetPlatform 'Android_ETC2'
[2020.11.06-17.04.34:303][  0]LogTargetPlatformManager: Display: Loaded TargetPlatform 'AndroidClient'
[2020.11.06-17.04.34:303][  0]LogTargetPlatformManager: Display: Loaded TargetPlatform 'Android_ASTCClient'
[2020.11.06-17.04.34:303][  0]LogTargetPlatformManager: Display: Loaded TargetPlatform 'Android_DXTClient'
[2020.11.06-17.04.34:303][  0]LogTargetPlatformManager: Display: Loaded TargetPlatform 'Android_ETC2Client'
[2020.11.06-17.04.34:303][  0]LogTargetPlatformManager: Display: Loaded TargetPlatform 'Android_Multi'
[2020.11.06-17.04.34:303][  0]LogTargetPlatformManager: Display: Loaded TargetPlatform 'Android_MultiClient'
[2020.11.06-17.04.34:324][  0]LogTargetPlatformManager: Display: Loaded TargetPlatform 'IOSClient'
[2020.11.06-17.04.34:324][  0]LogTargetPlatformManager: Display: Loaded TargetPlatform 'IOS'
[2020.11.06-17.04.34:333][  0]LogTargetPlatformManager: Display: Loaded TargetPlatform 'Linux'
[2020.11.06-17.04.34:342][  0]LogTargetPlatformManager: Display: Loaded TargetPlatform 'LinuxNoEditor'
[2020.11.06-17.04.34:350][  0]LogTargetPlatformManager: Display: Loaded TargetPlatform 'LinuxClient'
[2020.11.06-17.04.34:358][  0]LogTargetPlatformManager: Display: Loaded TargetPlatform 'LinuxServer'
[2020.11.06-17.04.34:366][  0]LogTargetPlatformManager: Display: Loaded TargetPlatform 'LinuxAArch64NoEditor'
[2020.11.06-17.04.34:375][  0]LogTargetPlatformManager: Display: Loaded TargetPlatform 'LinuxAArch64Client'
[2020.11.06-17.04.34:383][  0]LogTargetPlatformManager: Display: Loaded TargetPlatform 'LinuxAArch64Server'
[2020.11.06-17.04.34:407][  0]LogTargetPlatformManager: Display: Loaded TargetPlatform 'Lumin'
[2020.11.06-17.04.34:407][  0]LogTargetPlatformManager: Display: Loaded TargetPlatform 'LuminClient'
[2020.11.06-17.04.34:422][  0]LogTargetPlatformManager: Display: Loaded TargetPlatform 'TVOSClient'
[2020.11.06-17.04.34:422][  0]LogTargetPlatformManager: Display: Loaded TargetPlatform 'TVOS'
[2020.11.06-17.04.34:431][  0]LogTargetPlatformManager: Display: Loaded TargetPlatform 'WindowsNoEditor'
[2020.11.06-17.04.34:439][  0]LogTargetPlatformManager: Display: Loaded TargetPlatform 'Windows'
[2020.11.06-17.04.34:448][  0]LogTargetPlatformManager: Display: Loaded TargetPlatform 'WindowsClient'
[2020.11.06-17.04.34:456][  0]LogTargetPlatformManager: Display: Loaded TargetPlatform 'WindowsServer'
[2020.11.06-17.04.34:456][  0]LogTargetPlatformManager: Display: Building Assets For Windows
[2020.11.06-17.04.34:464][  0]LogAudioDebug: Display: Lib vorbis DLL was dynamically loaded.
[2020.11.06-17.04.34:532][  0]LogShaderCompilers: Guid format shader working directory is -34 characters bigger than the processId version (../../../../../../Users/flori/OneDrive/Documents/GitHub/Laure/Lost_In_The_House/Intermediate/Shaders/WorkingDirectory/40404/).
[2020.11.06-17.04.34:532][  0]LogShaderCompilers: Cleaned the shader compiler working directory 'C:/Users/flori/AppData/Local/Temp/UnrealShaderWorkingDir/DF4D025E4810155EF92B69A397FF7A26/'.
[2020.11.06-17.04.34:533][  0]LogXGEController: Cleaning working directory: C:/Users/flori/AppData/Local/Temp/UnrealXGEWorkingDir/
[2020.11.06-17.04.34:533][  0]LogXGEController: Cannot use XGE Controller as Incredibuild is not installed on this machine.
[2020.11.06-17.04.34:533][  0]LogShaderCompilers: Cannot use XGE Shader Compiler as Incredibuild is not installed on this machine.
[2020.11.06-17.04.34:533][  0]LogShaderCompilers: Display: Using Local Shader Compiler.
[2020.11.06-17.04.35:129][  0]LogDerivedDataCache: Display: Max Cache Size: 512 MB
[2020.11.06-17.04.35:180][  0]LogDerivedDataCache: Loaded boot cache 0.05s 104MB C:/Users/flori/AppData/Local/UnrealEngine/4.25/DerivedDataCache/Boot.ddc.
[2020.11.06-17.04.35:180][  0]LogDerivedDataCache: Display: Loaded Boot cache: C:/Users/flori/AppData/Local/UnrealEngine/4.25/DerivedDataCache/Boot.ddc
[2020.11.06-17.04.35:180][  0]LogDerivedDataCache: FDerivedDataBackendGraph:  Pak pak cache file ../../../../../../Users/flori/OneDrive/Documents/GitHub/Laure/Lost_In_The_House/DerivedDataCache/DDC.ddp not found, will not use a pak cache.
[2020.11.06-17.04.35:180][  0]LogDerivedDataCache: Unable to find inner node Pak for hierarchical cache Hierarchy.
[2020.11.06-17.04.35:181][  0]LogDerivedDataCache: FDerivedDataBackendGraph:  CompressedPak pak cache file ../../../../../../Users/flori/OneDrive/Documents/GitHub/Laure/Lost_In_The_House/DerivedDataCache/Compressed.ddp not found, will not use a pak cache.
[2020.11.06-17.04.35:181][  0]LogDerivedDataCache: Unable to find inner node CompressedPak for hierarchical cache Hierarchy.
[2020.11.06-17.04.35:188][  0]LogDerivedDataCache: Display: Pak cache opened for reading ../../../Engine/DerivedDataCache/Compressed.ddp.
[2020.11.06-17.04.35:188][  0]LogDerivedDataCache: FDerivedDataBackendGraph:  EnterprisePak pak cache file ../../../Enterprise/DerivedDataCache/Compressed.ddp not found, will not use a pak cache.
[2020.11.06-17.04.35:188][  0]LogDerivedDataCache: Unable to find inner node EnterprisePak for hierarchical cache Hierarchy.
[2020.11.06-17.04.35:189][  0]LogDerivedDataCache: Using Local data cache path C:/Users/flori/AppData/Local/UnrealEngine/Common/DerivedDataCache: Writable
[2020.11.06-17.04.35:189][  0]LogDerivedDataCache: Shared data cache path not found in *engine.ini, will not use an Shared cache.
[2020.11.06-17.04.35:189][  0]LogDerivedDataCache: Unable to find inner node Shared for hierarchical cache Hierarchy.
[2020.11.06-17.04.35:234][  0]LogSlate: Using FreeType 2.10.0
[2020.11.06-17.04.35:235][  0]LogSlate: SlateFontServices - WITH_FREETYPE: 1, WITH_HARFBUZZ: 1
[2020.11.06-17.04.35:254][  0]LogAssetRegistry: FAssetRegistry took 0.0020 seconds to start up
[2020.11.06-17.04.35:434][  0]LogInit: Selected Device Profile: [Windows]
[2020.11.06-17.04.35:533][  0]LogMeshReduction: Using QuadricMeshReduction for automatic static mesh reduction
[2020.11.06-17.04.35:533][  0]LogMeshReduction: Using SimplygonMeshReduction for automatic skeletal mesh reduction
[2020.11.06-17.04.35:533][  0]LogMeshReduction: Using ProxyLODMeshReduction for automatic mesh merging
[2020.11.06-17.04.35:533][  0]LogMeshReduction: No distributed automatic mesh merging module available
[2020.11.06-17.04.35:533][  0]LogMeshMerging: No distributed automatic mesh merging module available
[2020.11.06-17.04.35:547][  0]LogNetVersion: Lost_In_The_House 1.0.0, NetCL: 13144385, EngineNetVer: 14, GameNetVer: 0 (Checksum: 3076341633)
[2020.11.06-17.04.35:869][  0]LogAISub: UAISubsystem::UAISubsystem AISubsystem (000002A8D3231BC0), frame # 0
[2020.11.06-17.04.35:869][  0]LogAISub: UAISubsystem::UAISubsystem AIPerceptionSystem (000002A8D319C540), frame # 0
[2020.11.06-17.04.35:870][  0]LogAISub: UAISubsystem::UAISubsystem EnvQueryManager (000002A8D31BA000), frame # 0
[2020.11.06-17.04.35:922][  0]LogPackageLocalizationCache: Processed 21 localized package path(s) for 1 prioritized culture(s) in 0.047675 seconds
[2020.11.06-17.04.35:926][  0]LogUObjectArray: 15917 objects as part of root set at end of initial load.
[2020.11.06-17.04.35:926][  0]LogUObjectAllocator: 3965568 out of 0 bytes used by permanent object pool.
[2020.11.06-17.04.35:926][  0]LogUObjectArray: CloseDisregardForGC: 0/0 objects in disregard for GC pool
[2020.11.06-17.04.36:176][  0]LogPython: Using Python 2.7.14
[2020.11.06-17.04.36:969][  0]LogTcpMessaging: Initializing TcpMessaging bridge
[2020.11.06-17.04.36:974][  0]LogUdpMessaging: Initializing bridge on interface 0.0.0.0:0 to multicast group 230.0.0.1:6666.
[2020.11.06-17.04.37:084][  0]SourceControl: Source control is disabled
[2020.11.06-17.04.37:084][  0]SourceControl: Source control is disabled
[2020.11.06-17.04.37:087][  0]SourceControl: Source control is disabled
[2020.11.06-17.04.37:090][  0]SourceControl: Source control is disabled
[2020.11.06-17.04.37:096][  0]SourceControl: Source control is disabled
[2020.11.06-17.04.37:109][  0]LogVSAccessor: Display: Unable to create Visual Studio setup instance: 80040154
[2020.11.06-17.04.37:109][  0]LogVSAccessor: Display: Unable to create Visual Studio setup instance: 80040154
[2020.11.06-17.04.37:444][  0]LogAndroidPermission: UAndroidPermissionCallbackProxy::GetInstance
[2020.11.06-17.04.37:480][  0]LogAudioCaptureCore: Display: No Audio Capture implementations found. Audio input will be silent.
[2020.11.06-17.04.37:480][  0]LogAudioCaptureCore: Display: No Audio Capture implementations found. Audio input will be silent.
[2020.11.06-17.04.37:554][  0]LogOcInput: OculusInput pre-init called
[2020.11.06-17.04.37:568][  0]LogWindows: Failed to load 'OVRPlugin.dll' (GetLastError=126)
[2020.11.06-17.04.37:568][  0]LogWindows: File 'OVRPlugin.dll' does not exist
[2020.11.06-17.04.37:872][  0]LogEngine: Initializing Engine...
[2020.11.06-17.04.37:874][  0]LogHMD: Failed to initialize OpenVR with code 110
[2020.11.06-17.04.37:874][  0]LogMagicLeap: Warning: VR disabled because ZI is not enabled.  To enable, in the editor, Edit -> Project Settings -> Plugins -> Magic Leap Plugin -> Enable Zero Iteration
[2020.11.06-17.04.37:874][  0]LogStats: UGameplayTagsManager::InitializeManager -  0.000 s
[2020.11.06-17.04.37:970][  0]LogInit: Initializing FReadOnlyCVARCache
[2020.11.06-17.04.37:981][  0]LogAIModule: Creating AISystem for world Untitled
[2020.11.06-17.04.37:981][  0]LogAISub: UAISubsystem::UAISubsystem EnvQueryManager (000002A8E4CC9200), frame # 0
[2020.11.06-17.04.37:981][  0]LogAISub: UAISubsystem::UAISubsystem AIPerceptionSystem (000002A8E4CF4E00), frame # 0
[2020.11.06-17.04.37:988][  0]LogAudioMixer: Display: Audio Mixer Platform Settings:
[2020.11.06-17.04.37:988][  0]LogAudioMixer: Display: 	Sample Rate:						  48000
[2020.11.06-17.04.37:988][  0]LogAudioMixer: Display: 	Callback Buffer Frame Size Requested: 1024
[2020.11.06-17.04.37:988][  0]LogAudioMixer: Display: 	Callback Buffer Frame Size To Use:	  1024
[2020.11.06-17.04.37:988][  0]LogAudioMixer: Display: 	Number of buffers to queue:			  2
[2020.11.06-17.04.37:988][  0]LogAudioMixer: Display: 	Max Channels (voices):				  32
[2020.11.06-17.04.37:988][  0]LogAudioMixer: Display: 	Number of Async Source Workers:		  0
[2020.11.06-17.04.37:988][  0]LogAudio: Display: AudioDevice MaxSources: 32
[2020.11.06-17.04.37:988][  0]LogAudio: Display: Using built-in audio occlusion.
[2020.11.06-17.04.37:988][  0]LogAudioMixer: Display: Initializing audio mixer.
[2020.11.06-17.04.38:005][  0]LogAudioMixer: Display: 0: FrontLeft
[2020.11.06-17.04.38:005][  0]LogAudioMixer: Display: 1: FrontRight
[2020.11.06-17.04.38:040][  0]LogAudioMixer: Display: Using Audio Device Headphones (High Definition Audio Device)
[2020.11.06-17.04.38:041][  0]LogAudioMixer: Display: Initializing Sound Submixes...
[2020.11.06-17.04.38:044][  0]LogAudioMixer: Display: Creating Master Submix 'MasterSubmixDefault'
[2020.11.06-17.04.38:044][  0]LogAudioMixer: Display: Creating Master Submix 'MasterReverbSubmixDefault'
[2020.11.06-17.04.38:044][  0]LogAudioMixer: Display: Creating Master Submix 'MasterEQSubmixDefault'
[2020.11.06-17.04.38:045][  0]LogInit: FAudioDevice initialized.
[2020.11.06-17.04.38:045][  0]LogNetVersion: Set ProjectVersion to 1.0.0.0. Version Checksum will be recalculated on next use.
[2020.11.06-17.04.38:091][  0]LogDerivedDataCache: Saved boot cache 0.05s 104MB C:/Users/flori/AppData/Local/UnrealEngine/4.25/DerivedDataCache/Boot.ddc.
[2020.11.06-17.04.38:092][  0]LogInit: Texture streaming: Enabled
[2020.11.06-17.04.38:108][  0]LogEngineSessionManager: EngineSessionManager initialized
[2020.11.06-17.04.38:108][  0]LogEditorSessionSummary: Verbose: Initializing EditorSessionSummaryWriter for editor session tracking
[2020.11.06-17.04.38:110][  0]LogEditorSessionSummary: EditorSessionSummaryWriter initialized
[2020.11.06-17.04.38:144][  0]LogInit: Transaction tracking system initialized
[2020.11.06-17.04.38:165][  0]BlueprintLog: New page: Editor Load
[2020.11.06-17.04.38:241][  0]LocalizationService: Localization service is disabled
[2020.11.06-17.04.38:332][  0]LogVSAccessor: Display: Unable to create Visual Studio setup instance: 80040154
[2020.11.06-17.04.38:332][  0]LogVSAccessor: Display: Unable to create Visual Studio setup instance: 80040154
[2020.11.06-17.04.38:402][  0]LogCook: Display: Max memory allowance for cook 16384mb min free memory 0mb
[2020.11.06-17.04.38:402][  0]LogCook: Display: Mobile HDR setting 1
[2020.11.06-17.04.38:562][  0]LogFileCache: Scanning file cache for directory 'C:/Users/flori/OneDrive/Documents/GitHub/Laure/Lost_In_The_House/Content/' took 0.00s
[2020.11.06-17.04.38:721][  0]SourceControl: Source control is disabled
[2020.11.06-17.04.38:721][  0]LogUnrealEdMisc: Loading editor; pre map load, took 6.322
[2020.11.06-17.04.38:721][  0]Cmd: MAP LOAD FILE="../../../Engine/Content/Maps/Templates/Template_Default.umap" TEMPLATE=1 SHOWPROGRESS=1 FEATURELEVEL=3
[2020.11.06-17.04.38:721][  0]LightingResults: New page: Lighting Build
[2020.11.06-17.04.38:722][  0]LogWorld: UWorld::CleanupWorld for Untitled, bSessionEnded=true, bCleanupResources=true
[2020.11.06-17.04.38:722][  0]LogSlate: InvalidateAllWidgets triggered.  All widgets were invalidated
[2020.11.06-17.04.38:723][  0]MapCheck: New page: Map Check
[2020.11.06-17.04.38:723][  0]LightingResults: New page: Lighting Build
[2020.11.06-17.04.38:733][  0]LogAISub: UAISubsystem::~UAISubsystem EnvQueryManager (000002A8E4CC9200), frame # 0
[2020.11.06-17.04.38:733][  0]LogAISub: UAISubsystem::~UAISubsystem AIPerceptionSystem (000002A8E4CF4E00), frame # 0
[2020.11.06-17.04.38:733][  0]LogUObjectHash: Compacting FUObjectHashTables data took   0.51ms
[2020.11.06-17.04.38:783][  0]LogAIModule: Creating AISystem for world Untitled_1
[2020.11.06-17.04.38:783][  0]LogAISub: UAISubsystem::UAISubsystem EnvQueryManager (000002A8BE4CE200), frame # 0
[2020.11.06-17.04.38:783][  0]LogAISub: UAISubsystem::UAISubsystem AIPerceptionSystem (000002A8BE5DDBC0), frame # 0
[2020.11.06-17.04.38:786][  0]LogEditorServer: Finished looking for orphan Actors (0.000 secs)
[2020.11.06-17.04.38:797][  0]LogUObjectHash: Compacting FUObjectHashTables data took   0.68ms
[2020.11.06-17.04.38:797][  0]Cmd: MAP CHECKDEP NOCLEARLOG
[2020.11.06-17.04.38:797][  0]MapCheck: Map check complete: 0 Error(s), 0 Warning(s), took 0,345ms to complete.
[2020.11.06-17.04.38:797][  0]LogFileHelpers: Loading map 'Template_Default' took 0.076
[2020.11.06-17.04.38:799][  0]LogUnrealEdMisc: Total Editor Startup Time, took 6.400
[2020.11.06-17.04.38:909][  0]LogSlate: Updating window title bar state: overlay mode, drag disabled, window buttons hidden, title bar hidden
[2020.11.06-17.04.38:915][  0]LogSlate: Updating window title bar state: overlay mode, drag disabled, window buttons hidden, title bar hidden
[2020.11.06-17.04.38:920][  0]LogSlate: Updating window title bar state: overlay mode, drag disabled, window buttons hidden, title bar hidden
[2020.11.06-17.04.38:925][  0]LogSlate: Updating window title bar state: overlay mode, drag disabled, window buttons hidden, title bar hidden
[2020.11.06-17.04.38:932][  0]LogCollectionManager: Loaded 0 collections in 0.001437 seconds
[2020.11.06-17.04.38:943][  0]LogFileCache: Scanning file cache for directory 'C:/Users/flori/OneDrive/Documents/GitHub/Laure/Lost_In_The_House/Saved/Collections/' took 0.00s
[2020.11.06-17.04.38:943][  0]LogFileCache: Scanning file cache for directory 'C:/Users/flori/OneDrive/Documents/GitHub/Laure/Lost_In_The_House/Content/Developers/Florian/Collections/' took 0.00s
[2020.11.06-17.04.38:943][  0]LogFileCache: Scanning file cache for directory 'C:/Users/flori/OneDrive/Documents/GitHub/Laure/Lost_In_The_House/Content/Collections/' took 0.00s
[2020.11.06-17.04.38:943][  0]LogContentBrowser: Native class hierarchy populated in 0.0067 seconds. Added 3445 classes and 827 folders.
[2020.11.06-17.04.38:945][  0]LogContentBrowser: Native class hierarchy updated for 'WidgetCarousel' in 0.0002 seconds. Added 0 classes and 0 folders.
[2020.11.06-17.04.38:982][  0]LogContentBrowser: Native class hierarchy updated for 'AddContentDialog' in 0.0002 seconds. Added 0 classes and 0 folders.
[2020.11.06-17.04.38:983][  0]LogContentBrowser: Native class hierarchy updated for 'SceneOutliner' in 0.0002 seconds. Added 2 classes and 0 folders.
[2020.11.06-17.04.39:042][  0]LogSlate: Took 0.000123 seconds to synchronously load lazily loaded font '../../../Engine/Content/Slate/Fonts/Roboto-Regular.ttf' (155K)
[2020.11.06-17.04.39:043][  0]LogSlate: Took 0.000095 seconds to synchronously load lazily loaded font '../../../Engine/Content/Slate/Fonts/Roboto-Bold.ttf' (160K)
[2020.11.06-17.04.39:046][  0]LogSlate: Took 0.000109 seconds to synchronously load lazily loaded font '../../../Engine/Content/Editor/Slate/Fonts/FontAwesome.ttf' (139K)
[2020.11.06-17.04.39:100][  0]LogRenderer: Reallocating scene render targets to support 1052x580 Format 9 NumSamples 1 (Frame:1).
[2020.11.06-17.04.39:199][  0]LogContentBrowser: Native class hierarchy updated for 'HierarchicalLODOutliner' in 0.0002 seconds. Added 0 classes and 0 folders.
[2020.11.06-17.04.39:200][  0]LogLoad: (Engine Initialization) Total time: 6.80 seconds
[2020.11.06-17.04.39:200][  0]LogLoad: (Engine Initialization) Total Blueprint compile time: 0.00 seconds
[2020.11.06-17.04.39:227][  0]LogAssetRegistry: Asset discovery search completed in 3.9743 seconds
[2020.11.06-17.04.39:231][  0]LogCollectionManager: Fixed up redirectors for 0 collections in 0.000002 seconds (updated 0 objects)
[2020.11.06-17.04.39:232][  0]LogContentStreaming: Texture pool size now 800 MB
[2020.11.06-17.04.39:270][  0]LogSlate: Took 0.000075 seconds to synchronously load lazily loaded font '../../../Engine/Content/Slate/Fonts/Roboto-Light.ttf' (167K)
[2020.11.06-17.04.59:393][394]LogSlate: Took 0.000134 seconds to synchronously load lazily loaded font '../../../Engine/Content/Slate/Fonts/Roboto-Light.ttf' (167K)
[2020.11.06-17.04.59:415][394]LogAssetEditorSubsystem: Opening Asset editor for World /Game/Lost_In_The_House.Lost_In_The_House
[2020.11.06-17.04.59:427][394]LogUObjectHash: Compacting FUObjectHashTables data took   0.46ms
[2020.11.06-17.04.59:428][394]Cmd: MAP LOAD FILE="../../../../../../Users/flori/OneDrive/Documents/GitHub/Laure/Lost_In_The_House/Content/Lost_In_The_House.umap" TEMPLATE=0 SHOWPROGRESS=1 FEATURELEVEL=3
[2020.11.06-17.04.59:428][394]LightingResults: New page: Lighting Build
[2020.11.06-17.04.59:428][394]LoadErrors: New page: Loading map: Lost_In_The_House.umap
[2020.11.06-17.04.59:429][394]LogWorld: UWorld::CleanupWorld for Untitled_1, bSessionEnded=true, bCleanupResources=true
[2020.11.06-17.04.59:429][394]LogSlate: InvalidateAllWidgets triggered.  All widgets were invalidated
[2020.11.06-17.04.59:429][394]MapCheck: New page: Map Check
[2020.11.06-17.04.59:429][394]LightingResults: New page: Lighting Build
[2020.11.06-17.04.59:438][394]LogAISub: UAISubsystem::~UAISubsystem EnvQueryManager (000002A8BE4CE200), frame # 2394
[2020.11.06-17.04.59:439][394]LogAISub: UAISubsystem::~UAISubsystem AIPerceptionSystem (000002A8BE5DDBC0), frame # 2394
[2020.11.06-17.04.59:439][394]LogUObjectHash: Compacting FUObjectHashTables data took   0.55ms
[2020.11.06-17.04.59:482][394]LogEditorServer: Finished looking for orphan Actors (0.000 secs)
[2020.11.06-17.04.59:482][394]LogAIModule: Creating AISystem for world Lost_In_The_House
[2020.11.06-17.04.59:482][394]LogAISub: UAISubsystem::UAISubsystem EnvQueryManager (000002A8807F6600), frame # 2394
[2020.11.06-17.04.59:482][394]LogAISub: UAISubsystem::UAISubsystem AIPerceptionSystem (000002A8BE4EE340), frame # 2394
[2020.11.06-17.04.59:491][394]LogUObjectHash: Compacting FUObjectHashTables data took   0.45ms
[2020.11.06-17.04.59:496][394]Cmd: MAP CHECKDEP NOCLEARLOG
[2020.11.06-17.04.59:497][394]MapCheck: Map check complete: 0 Error(s), 0 Warning(s), took 0,166ms to complete.
[2020.11.06-17.04.59:497][394]LogFileHelpers: Loading map 'Lost_In_The_House' took 0.068
[2020.11.06-17.05.20:301][876]LogTemp: Repeating last play command: Selected Viewport
[2020.11.06-17.05.20:306][876]LogPlayLevel: PlayLevel: No blueprints needed recompiling
[2020.11.06-17.05.20:306][876]PIE: New page: PIE session: Lost_In_The_House (6 nov. 2020 à 19:05:20)
[2020.11.06-17.05.20:308][876]LogOnline: OSS: Creating online subsystem instance for: NULL
[2020.11.06-17.05.20:309][876]LogOnline: OSS: TryLoadSubsystemAndSetDefault: Loaded subsystem for module [NULL]
[2020.11.06-17.05.20:309][876]LogPlayLevel: Creating play world package: /Game/UEDPIE_0_Lost_In_The_House
[2020.11.06-17.05.20:311][876]LogPlayLevel: PIE: StaticDuplicateObject took: (0.001762s)
[2020.11.06-17.05.20:312][876]LogAIModule: Creating AISystem for world Lost_In_The_House
[2020.11.06-17.05.20:312][876]LogAISub: UAISubsystem::UAISubsystem EnvQueryManager (000002A8F5AE0C00), frame # 4876
[2020.11.06-17.05.20:312][876]LogAISub: UAISubsystem::UAISubsystem AIPerceptionSystem (000002A8D00D91C0), frame # 4876
[2020.11.06-17.05.20:312][876]LogPlayLevel: PIE: World Init took: (0.001111s)
[2020.11.06-17.05.20:312][876]LogPlayLevel: PIE: Created PIE world by copying editor world from /Game/Lost_In_The_House.Lost_In_The_House to /Game/UEDPIE_0_Lost_In_The_House.Lost_In_The_House (0.002993s)
[2020.11.06-17.05.20:322][876]LogUObjectHash: Compacting FUObjectHashTables data took   0.43ms
[2020.11.06-17.05.20:322][876]LogAudioMixer: Display: Audio Mixer Platform Settings:
[2020.11.06-17.05.20:322][876]LogAudioMixer: Display: 	Sample Rate:						  48000
[2020.11.06-17.05.20:322][876]LogAudioMixer: Display: 	Callback Buffer Frame Size Requested: 1024
[2020.11.06-17.05.20:322][876]LogAudioMixer: Display: 	Callback Buffer Frame Size To Use:	  1024
[2020.11.06-17.05.20:323][876]LogAudioMixer: Display: 	Number of buffers to queue:			  2
[2020.11.06-17.05.20:323][876]LogAudioMixer: Display: 	Max Channels (voices):				  32
[2020.11.06-17.05.20:323][876]LogAudioMixer: Display: 	Number of Async Source Workers:		  0
[2020.11.06-17.05.20:323][876]LogAudio: Display: AudioDevice MaxSources: 32
[2020.11.06-17.05.20:323][876]LogAudio: Display: Using built-in audio occlusion.
[2020.11.06-17.05.20:323][876]LogAudioMixer: Display: Initializing audio mixer.
[2020.11.06-17.05.20:329][876]LogAudioMixer: Display: 0: FrontLeft
[2020.11.06-17.05.20:329][876]LogAudioMixer: Display: 1: FrontRight
[2020.11.06-17.05.20:347][876]LogAudioMixer: Display: Using Audio Device Headphones (High Definition Audio Device)
[2020.11.06-17.05.20:347][876]LogAudioMixer: Display: Initializing Sound Submixes...
[2020.11.06-17.05.20:347][876]LogAudioMixer: Display: Creating Master Submix 'MasterSubmixDefault'
[2020.11.06-17.05.20:347][876]LogAudioMixer: Display: Creating Master Submix 'MasterReverbSubmixDefault'
[2020.11.06-17.05.20:347][876]LogAudioMixer: Display: Creating Master Submix 'MasterEQSubmixDefault'
[2020.11.06-17.05.20:359][876]LogInit: FAudioDevice initialized.
[2020.11.06-17.05.20:369][876]LogLoad: Game class is 'GameModeBase'
[2020.11.06-17.05.20:371][876]LogWorld: Bringing World /Game/UEDPIE_0_Lost_In_The_House.Lost_In_The_House up for play (max tick rate 0) at 2020.11.06-18.05.20
[2020.11.06-17.05.20:371][876]LogWorld: Bringing up level for play took: 0.000494
[2020.11.06-17.05.20:371][876]LogOnline: OSS: Creating online subsystem instance for: :Context_1
[2020.11.06-17.05.20:375][876]LogContentBrowser: Native class hierarchy updated for 'MovieSceneCapture' in 0.0003 seconds. Added 20 classes and 0 folders.
[2020.11.06-17.05.20:376][876]PIE: Server logged in
[2020.11.06-17.05.20:377][876]PIE: Play in editor total start time 0,072 seconds.
[2020.11.06-17.05.23:579][258]LogAudioMixer: Display: No commands were queued while flushing the source manager.
[2020.11.06-17.05.23:582][258]LogAudioMixer: Display: Flush succeeded in the source manager command queue (1).
[2020.11.06-17.05.23:602][258]LogAudioMixer: Display: Flush succeeded the source manager command queue (2).
[2020.11.06-17.05.23:603][258]LogSlate: Updating window title bar state: overlay mode, drag disabled, window buttons hidden, title bar hidden
[2020.11.06-17.05.23:603][258]LogWorld: BeginTearingDown for /Game/UEDPIE_0_Lost_In_The_House
[2020.11.06-17.05.23:603][258]LogAudioMixer: Display: No commands were queued while flushing the source manager.
[2020.11.06-17.05.23:603][258]LogWorld: UWorld::CleanupWorld for Lost_In_The_House, bSessionEnded=true, bCleanupResources=true
[2020.11.06-17.05.23:603][258]LogSlate: InvalidateAllWidgets triggered.  All widgets were invalidated
[2020.11.06-17.05.23:611][258]LogPlayLevel: Display: Shutting down PIE online subsystems
[2020.11.06-17.05.23:612][258]LogSlate: InvalidateAllWidgets triggered.  All widgets were invalidated
[2020.11.06-17.05.23:621][258]LogSlate: Updating window title bar state: overlay mode, drag disabled, window buttons hidden, title bar hidden
[2020.11.06-17.05.23:621][258]LogAudioMixer: Display: No commands were queued while flushing the source manager.
[2020.11.06-17.05.23:635][258]LogAISub: UAISubsystem::~UAISubsystem AIPerceptionSystem (000002A8D00D91C0), frame # 5258
[2020.11.06-17.05.23:635][258]LogAISub: UAISubsystem::~UAISubsystem EnvQueryManager (000002A8F5AE0C00), frame # 5258
[2020.11.06-17.05.23:636][258]LogUObjectHash: Compacting FUObjectHashTables data took   0.47ms
[2020.11.06-17.05.23:682][262]LogPlayLevel: Display: Destroying online subsystem :Context_1
[2020.11.06-17.05.25:890][526]LogEditorViewport: Clicking on Actor (LMB): PlayerStart (PlayerStart)
[2020.11.06-17.05.26:289][569]Cmd: DELETE
[2020.11.06-17.05.26:289][569]Cmd: ACTOR DELETE
[2020.11.06-17.05.26:294][569]LogEditorActor: Deleted Actor: PlayerStart
[2020.11.06-17.05.26:303][569]LogUObjectHash: Compacting FUObjectHashTables data took   0.49ms
[2020.11.06-17.05.26:305][569]LogEditorActor: Deleted 1 Actors (0.014 secs)
[2020.11.06-17.05.28:161][792]LogTemp: Repeating last play command: Selected Viewport
[2020.11.06-17.05.28:165][792]LogPlayLevel: PlayLevel: No blueprints needed recompiling
[2020.11.06-17.05.28:165][792]PIE: New page: PIE session: Lost_In_The_House (6 nov. 2020 à 19:05:28)
[2020.11.06-17.05.28:165][792]LogPlayLevel: Creating play world package: /Game/UEDPIE_0_Lost_In_The_House
[2020.11.06-17.05.28:167][792]LogPlayLevel: PIE: StaticDuplicateObject took: (0.001557s)
[2020.11.06-17.05.28:167][792]LogAIModule: Creating AISystem for world Lost_In_The_House
[2020.11.06-17.05.28:167][792]LogAISub: UAISubsystem::UAISubsystem EnvQueryManager (000002A880723E00), frame # 5792
[2020.11.06-17.05.28:168][792]LogAISub: UAISubsystem::UAISubsystem AIPerceptionSystem (000002A8E4CACE00), frame # 5792
[2020.11.06-17.05.28:168][792]LogPlayLevel: PIE: World Init took: (0.001145s)
[2020.11.06-17.05.28:168][792]LogPlayLevel: PIE: Created PIE world by copying editor world from /Game/Lost_In_The_House.Lost_In_The_House to /Game/UEDPIE_0_Lost_In_The_House.Lost_In_The_House (0.002803s)
[2020.11.06-17.05.28:178][792]LogUObjectHash: Compacting FUObjectHashTables data took   0.51ms
[2020.11.06-17.05.28:179][792]LogAudioMixer: Display: Audio Mixer Platform Settings:
[2020.11.06-17.05.28:179][792]LogAudioMixer: Display: 	Sample Rate:						  48000
[2020.11.06-17.05.28:179][792]LogAudioMixer: Display: 	Callback Buffer Frame Size Requested: 1024
[2020.11.06-17.05.28:179][792]LogAudioMixer: Display: 	Callback Buffer Frame Size To Use:	  1024
[2020.11.06-17.05.28:179][792]LogAudioMixer: Display: 	Number of buffers to queue:			  2
[2020.11.06-17.05.28:179][792]LogAudioMixer: Display: 	Max Channels (voices):				  32
[2020.11.06-17.05.28:179][792]LogAudioMixer: Display: 	Number of Async Source Workers:		  0
[2020.11.06-17.05.28:179][792]LogAudio: Display: AudioDevice MaxSources: 32
[2020.11.06-17.05.28:180][792]LogAudio: Display: Using built-in audio occlusion.
[2020.11.06-17.05.28:180][792]LogAudioMixer: Display: Initializing audio mixer.
[2020.11.06-17.05.28:186][792]LogAudioMixer: Display: 0: FrontLeft
[2020.11.06-17.05.28:186][792]LogAudioMixer: Display: 1: FrontRight
[2020.11.06-17.05.28:205][792]LogAudioMixer: Display: Using Audio Device Headphones (High Definition Audio Device)
[2020.11.06-17.05.28:205][792]LogAudioMixer: Display: Initializing Sound Submixes...
[2020.11.06-17.05.28:205][792]LogAudioMixer: Display: Creating Master Submix 'MasterSubmixDefault'
[2020.11.06-17.05.28:205][792]LogAudioMixer: Display: Creating Master Submix 'MasterReverbSubmixDefault'
[2020.11.06-17.05.28:206][792]LogAudioMixer: Display: Creating Master Submix 'MasterEQSubmixDefault'
[2020.11.06-17.05.28:217][792]LogInit: FAudioDevice initialized.
[2020.11.06-17.05.28:225][792]LogLoad: Game class is 'GameModeBase'
[2020.11.06-17.05.28:226][792]LogWorld: Bringing World /Game/UEDPIE_0_Lost_In_The_House.Lost_In_The_House up for play (max tick rate 0) at 2020.11.06-18.05.28
[2020.11.06-17.05.28:226][792]LogWorld: Bringing up level for play took: 0.000426
[2020.11.06-17.05.28:227][792]LogOnline: OSS: Creating online subsystem instance for: :Context_2
[2020.11.06-17.05.28:228][792]PIE: Server logged in
[2020.11.06-17.05.28:229][792]PIE: Play in editor total start time 0,065 seconds.
[2020.11.06-17.05.43:548][630]LogAudioMixer: Display: No commands were queued while flushing the source manager.
[2020.11.06-17.05.43:551][630]LogAudioMixer: Display: Flush succeeded in the source manager command queue (1).
[2020.11.06-17.05.43:571][630]LogAudioMixer: Display: Flush succeeded the source manager command queue (2).
[2020.11.06-17.05.43:572][630]LogSlate: Updating window title bar state: overlay mode, drag disabled, window buttons hidden, title bar hidden
[2020.11.06-17.05.43:572][630]LogWorld: BeginTearingDown for /Game/UEDPIE_0_Lost_In_The_House
[2020.11.06-17.05.43:572][630]LogAudioMixer: Display: No commands were queued while flushing the source manager.
[2020.11.06-17.05.43:572][630]LogWorld: UWorld::CleanupWorld for Lost_In_The_House, bSessionEnded=true, bCleanupResources=true
[2020.11.06-17.05.43:572][630]LogSlate: InvalidateAllWidgets triggered.  All widgets were invalidated
[2020.11.06-17.05.43:577][630]LogPlayLevel: Display: Shutting down PIE online subsystems
[2020.11.06-17.05.43:578][630]LogSlate: InvalidateAllWidgets triggered.  All widgets were invalidated
[2020.11.06-17.05.43:586][630]LogSlate: Updating window title bar state: overlay mode, drag disabled, window buttons hidden, title bar hidden
[2020.11.06-17.05.43:586][630]LogAudioMixer: Display: No commands were queued while flushing the source manager.
[2020.11.06-17.05.43:600][630]LogAISub: UAISubsystem::~UAISubsystem AIPerceptionSystem (000002A8E4CACE00), frame # 7630
[2020.11.06-17.05.43:600][630]LogAISub: UAISubsystem::~UAISubsystem EnvQueryManager (000002A880723E00), frame # 7630
[2020.11.06-17.05.43:601][630]LogUObjectHash: Compacting FUObjectHashTables data took   0.45ms
[2020.11.06-17.05.43:653][635]LogPlayLevel: Display: Destroying online subsystem :Context_2
[2020.11.06-17.05.44:378][722]LogEditorViewport: Clicking on Actor (LMB): StaticMeshActor (Cube)
[2020.11.06-17.05.44:753][762]Cmd: DELETE
[2020.11.06-17.05.44:753][762]Cmd: ACTOR DELETE
[2020.11.06-17.05.44:755][762]LogEditorActor: Deleted Actor: StaticMeshActor
[2020.11.06-17.05.44:765][762]LogUObjectHash: Compacting FUObjectHashTables data took   0.48ms
[2020.11.06-17.05.44:766][762]LogEditorActor: Deleted 1 Actors (0.013 secs)
[2020.11.06-17.05.45:134][806]LogEditorViewport: Clicking on Actor (LMB): Actor (Actor)
[2020.11.06-17.05.45:281][822]Cmd: DELETE
[2020.11.06-17.05.45:281][822]Cmd: ACTOR DELETE
[2020.11.06-17.05.45:282][822]LogEditorActor: Deleted Actor: Actor
[2020.11.06-17.05.45:291][822]LogUObjectHash: Compacting FUObjectHashTables data took   0.25ms
[2020.11.06-17.05.45:292][822]LogEditorActor: Deleted 1 Actors (0.011 secs)
[2020.11.06-17.05.45:807][884]LogEditorViewport: Clicking on Actor (LMB): Actor (Actor2)
[2020.11.06-17.05.46:133][921]Cmd: DELETE
[2020.11.06-17.05.46:133][921]Cmd: ACTOR DELETE
[2020.11.06-17.05.46:133][921]LogEditorActor: Deleted Actor: Actor
[2020.11.06-17.05.46:142][921]LogUObjectHash: Compacting FUObjectHashTables data took   0.18ms
[2020.11.06-17.05.46:143][921]LogEditorActor: Deleted 1 Actors (0.011 secs)
[2020.11.06-17.05.46:464][960]LogEditorViewport: Clicking on Actor (LMB): Actor (Actor3)
[2020.11.06-17.05.46:555][969]Cmd: DELETE
[2020.11.06-17.05.46:555][969]Cmd: ACTOR DELETE
[2020.11.06-17.05.46:556][969]LogEditorActor: Deleted Actor: Actor
[2020.11.06-17.05.46:565][969]LogUObjectHash: Compacting FUObjectHashTables data took   0.20ms
[2020.11.06-17.05.46:566][969]LogEditorActor: Deleted 1 Actors (0.011 secs)
[2020.11.06-17.06.06:315][315]LogTemp: Repeating last play command: Selected Viewport
[2020.11.06-17.06.06:319][315]LogPlayLevel: PlayLevel: No blueprints needed recompiling
[2020.11.06-17.06.06:320][315]PIE: New page: PIE session: Lost_In_The_House (6 nov. 2020 à 19:06:06)
[2020.11.06-17.06.06:320][315]LogPlayLevel: Creating play world package: /Game/UEDPIE_0_Lost_In_The_House
[2020.11.06-17.06.06:321][315]LogPlayLevel: PIE: StaticDuplicateObject took: (0.001804s)
[2020.11.06-17.06.06:322][315]LogAIModule: Creating AISystem for world Lost_In_The_House
[2020.11.06-17.06.06:322][315]LogAISub: UAISubsystem::UAISubsystem EnvQueryManager (000002A880E6E000), frame # 10315
[2020.11.06-17.06.06:322][315]LogAISub: UAISubsystem::UAISubsystem AIPerceptionSystem (000002A8BE4ED940), frame # 10315
[2020.11.06-17.06.06:322][315]LogPlayLevel: PIE: World Init took: (0.000826s)
[2020.11.06-17.06.06:322][315]LogPlayLevel: PIE: Created PIE world by copying editor world from /Game/Lost_In_The_House.Lost_In_The_House to /Game/UEDPIE_0_Lost_In_The_House.Lost_In_The_House (0.002721s)
[2020.11.06-17.06.06:332][315]LogUObjectHash: Compacting FUObjectHashTables data took   0.53ms
[2020.11.06-17.06.06:333][315]LogAudioMixer: Display: Audio Mixer Platform Settings:
[2020.11.06-17.06.06:333][315]LogAudioMixer: Display: 	Sample Rate:						  48000
[2020.11.06-17.06.06:333][315]LogAudioMixer: Display: 	Callback Buffer Frame Size Requested: 1024
[2020.11.06-17.06.06:333][315]LogAudioMixer: Display: 	Callback Buffer Frame Size To Use:	  1024
[2020.11.06-17.06.06:333][315]LogAudioMixer: Display: 	Number of buffers to queue:			  2
[2020.11.06-17.06.06:333][315]LogAudioMixer: Display: 	Max Channels (voices):				  32
[2020.11.06-17.06.06:333][315]LogAudioMixer: Display: 	Number of Async Source Workers:		  0
[2020.11.06-17.06.06:334][315]LogAudio: Display: AudioDevice MaxSources: 32
[2020.11.06-17.06.06:334][315]LogAudio: Display: Using built-in audio occlusion.
[2020.11.06-17.06.06:334][315]LogAudioMixer: Display: Initializing audio mixer.
[2020.11.06-17.06.06:339][315]LogAudioMixer: Display: 0: FrontLeft
[2020.11.06-17.06.06:340][315]LogAudioMixer: Display: 1: FrontRight
[2020.11.06-17.06.06:357][315]LogAudioMixer: Display: Using Audio Device Headphones (High Definition Audio Device)
[2020.11.06-17.06.06:357][315]LogAudioMixer: Display: Initializing Sound Submixes...
[2020.11.06-17.06.06:357][315]LogAudioMixer: Display: Creating Master Submix 'MasterSubmixDefault'
[2020.11.06-17.06.06:357][315]LogAudioMixer: Display: Creating Master Submix 'MasterReverbSubmixDefault'
[2020.11.06-17.06.06:358][315]LogAudioMixer: Display: Creating Master Submix 'MasterEQSubmixDefault'
[2020.11.06-17.06.06:369][315]LogInit: FAudioDevice initialized.
[2020.11.06-17.06.06:373][315]LogLoad: Game class is 'GameModeBase'
[2020.11.06-17.06.06:374][315]LogWorld: Bringing World /Game/UEDPIE_0_Lost_In_The_House.Lost_In_The_House up for play (max tick rate 0) at 2020.11.06-18.06.06
[2020.11.06-17.06.06:374][315]LogWorld: Bringing up level for play took: 0.000410
[2020.11.06-17.06.06:374][315]LogOnline: OSS: Creating online subsystem instance for: :Context_5
[2020.11.06-17.06.06:376][315]PIE: Server logged in
[2020.11.06-17.06.06:376][315]PIE: Play in editor total start time 0,057 seconds.
[2020.11.06-17.06.10:482][807]LogAudioMixer: Display: No commands were queued while flushing the source manager.
[2020.11.06-17.06.10:501][807]LogAudioMixer: Display: Flush succeeded in the source manager command queue (1).
[2020.11.06-17.06.10:521][807]LogAudioMixer: Display: Flush succeeded the source manager command queue (2).
[2020.11.06-17.06.10:522][807]LogSlate: Updating window title bar state: overlay mode, drag disabled, window buttons hidden, title bar hidden
[2020.11.06-17.06.10:522][807]LogWorld: BeginTearingDown for /Game/UEDPIE_0_Lost_In_The_House
[2020.11.06-17.06.10:522][807]LogAudioMixer: Display: No commands were queued while flushing the source manager.
[2020.11.06-17.06.10:522][807]LogWorld: UWorld::CleanupWorld for Lost_In_The_House, bSessionEnded=true, bCleanupResources=true
[2020.11.06-17.06.10:522][807]LogSlate: InvalidateAllWidgets triggered.  All widgets were invalidated
[2020.11.06-17.06.10:534][807]LogPlayLevel: Display: Shutting down PIE online subsystems
[2020.11.06-17.06.10:535][807]LogSlate: InvalidateAllWidgets triggered.  All widgets were invalidated
[2020.11.06-17.06.10:543][807]LogAudioMixer: Display: No commands were queued while flushing the source manager.
[2020.11.06-17.06.10:557][807]LogSlate: Updating window title bar state: overlay mode, drag disabled, window buttons hidden, title bar hidden
[2020.11.06-17.06.10:558][807]LogAISub: UAISubsystem::~UAISubsystem AIPerceptionSystem (000002A8BE4ED940), frame # 10807
[2020.11.06-17.06.10:558][807]LogAISub: UAISubsystem::~UAISubsystem EnvQueryManager (000002A880E6E000), frame # 10807
[2020.11.06-17.06.10:558][807]LogUObjectHash: Compacting FUObjectHashTables data took   0.50ms
[2020.11.06-17.06.10:593][809]LogPlayLevel: Display: Destroying online subsystem :Context_5
[2020.11.06-17.06.15:540][402]LogEditorViewport: Clicking on Actor (LMB): TextRenderActor (TextRenderActor)
[2020.11.06-17.06.30:586][188]LogSlate: Window 'Color Picker' being destroyed
[2020.11.06-17.06.32:093][362]LogTemp: Repeating last play command: Selected Viewport
[2020.11.06-17.06.32:097][362]LogPlayLevel: PlayLevel: No blueprints needed recompiling
[2020.11.06-17.06.32:097][362]PIE: New page: PIE session: Lost_In_The_House (6 nov. 2020 à 19:06:32)
[2020.11.06-17.06.32:097][362]LogPlayLevel: Creating play world package: /Game/UEDPIE_0_Lost_In_The_House
[2020.11.06-17.06.32:099][362]LogPlayLevel: PIE: StaticDuplicateObject took: (0.001556s)
[2020.11.06-17.06.32:100][362]LogAIModule: Creating AISystem for world Lost_In_The_House
[2020.11.06-17.06.32:100][362]LogAISub: UAISubsystem::UAISubsystem EnvQueryManager (000002A8BEF8AA00), frame # 13362
[2020.11.06-17.06.32:100][362]LogAISub: UAISubsystem::UAISubsystem AIPerceptionSystem (000002A8F5D3BC40), frame # 13362
[2020.11.06-17.06.32:100][362]LogPlayLevel: PIE: World Init took: (0.000897s)
[2020.11.06-17.06.32:100][362]LogPlayLevel: PIE: Created PIE world by copying editor world from /Game/Lost_In_The_House.Lost_In_The_House to /Game/UEDPIE_0_Lost_In_The_House.Lost_In_The_House (0.002537s)
[2020.11.06-17.06.32:111][362]LogUObjectHash: Compacting FUObjectHashTables data took   0.48ms
[2020.11.06-17.06.32:112][362]LogAudioMixer: Display: Audio Mixer Platform Settings:
[2020.11.06-17.06.32:112][362]LogAudioMixer: Display: 	Sample Rate:						  48000
[2020.11.06-17.06.32:112][362]LogAudioMixer: Display: 	Callback Buffer Frame Size Requested: 1024
[2020.11.06-17.06.32:112][362]LogAudioMixer: Display: 	Callback Buffer Frame Size To Use:	  1024
[2020.11.06-17.06.32:112][362]LogAudioMixer: Display: 	Number of buffers to queue:			  2
[2020.11.06-17.06.32:112][362]LogAudioMixer: Display: 	Max Channels (voices):				  32
[2020.11.06-17.06.32:112][362]LogAudioMixer: Display: 	Number of Async Source Workers:		  0
[2020.11.06-17.06.32:112][362]LogAudio: Display: AudioDevice MaxSources: 32
[2020.11.06-17.06.32:112][362]LogAudio: Display: Using built-in audio occlusion.
[2020.11.06-17.06.32:112][362]LogAudioMixer: Display: Initializing audio mixer.
[2020.11.06-17.06.32:118][362]LogAudioMixer: Display: 0: FrontLeft
[2020.11.06-17.06.32:118][362]LogAudioMixer: Display: 1: FrontRight
[2020.11.06-17.06.32:137][362]LogAudioMixer: Display: Using Audio Device Headphones (High Definition Audio Device)
[2020.11.06-17.06.32:137][362]LogAudioMixer: Display: Initializing Sound Submixes...
[2020.11.06-17.06.32:137][362]LogAudioMixer: Display: Creating Master Submix 'MasterSubmixDefault'
[2020.11.06-17.06.32:137][362]LogAudioMixer: Display: Creating Master Submix 'MasterReverbSubmixDefault'
[2020.11.06-17.06.32:137][362]LogAudioMixer: Display: Creating Master Submix 'MasterEQSubmixDefault'
[2020.11.06-17.06.32:149][362]LogInit: FAudioDevice initialized.
[2020.11.06-17.06.32:153][362]LogLoad: Game class is 'GameModeBase'
[2020.11.06-17.06.32:154][362]LogWorld: Bringing World /Game/UEDPIE_0_Lost_In_The_House.Lost_In_The_House up for play (max tick rate 0) at 2020.11.06-18.06.32
[2020.11.06-17.06.32:154][362]LogWorld: Bringing up level for play took: 0.000391
[2020.11.06-17.06.32:154][362]LogOnline: OSS: Creating online subsystem instance for: :Context_6
[2020.11.06-17.06.32:156][362]PIE: Server logged in
[2020.11.06-17.06.32:157][362]PIE: Play in editor total start time 0,06 seconds.
[2020.11.06-17.06.33:594][534]LogAudioMixer: Display: No commands were queued while flushing the source manager.
[2020.11.06-17.06.33:601][534]LogAudioMixer: Display: Flush succeeded in the source manager command queue (1).
[2020.11.06-17.06.33:621][534]LogAudioMixer: Display: Flush succeeded the source manager command queue (2).
[2020.11.06-17.06.33:622][534]LogSlate: Updating window title bar state: overlay mode, drag disabled, window buttons hidden, title bar hidden
[2020.11.06-17.06.33:622][534]LogWorld: BeginTearingDown for /Game/UEDPIE_0_Lost_In_The_House
[2020.11.06-17.06.33:622][534]LogAudioMixer: Display: No commands were queued while flushing the source manager.
[2020.11.06-17.06.33:623][534]LogWorld: UWorld::CleanupWorld for Lost_In_The_House, bSessionEnded=true, bCleanupResources=true
[2020.11.06-17.06.33:623][534]LogSlate: InvalidateAllWidgets triggered.  All widgets were invalidated
[2020.11.06-17.06.33:628][534]LogPlayLevel: Display: Shutting down PIE online subsystems
[2020.11.06-17.06.33:629][534]LogSlate: InvalidateAllWidgets triggered.  All widgets were invalidated
[2020.11.06-17.06.33:638][534]LogSlate: Updating window title bar state: overlay mode, drag disabled, window buttons hidden, title bar hidden
[2020.11.06-17.06.33:638][534]LogAudioMixer: Display: No commands were queued while flushing the source manager.
[2020.11.06-17.06.33:652][534]LogAISub: UAISubsystem::~UAISubsystem AIPerceptionSystem (000002A8F5D3BC40), frame # 13534
[2020.11.06-17.06.33:652][534]LogAISub: UAISubsystem::~UAISubsystem EnvQueryManager (000002A8BEF8AA00), frame # 13534
[2020.11.06-17.06.33:653][534]LogUObjectHash: Compacting FUObjectHashTables data took   0.43ms
[2020.11.06-17.06.33:698][538]LogPlayLevel: Display: Destroying online subsystem :Context_6
[2020.11.06-17.06.35:134][710]LogEditorViewport: Clicking on Actor (LMB): TextRenderActor (TextRenderActor)
[2020.11.06-17.06.37:896][ 35]LogEditorViewport: Clicking on Actor (LMB): BP_Sky_Sphere_C (Sky Sphere)
[2020.11.06-17.06.40:545][344]LogUObjectHash: Compacting FUObjectHashTables data took   0.43ms
[2020.11.06-17.06.40:555][344]LogSavePackage: Moving '../../../../../../Users/flori/OneDrive/Documents/GitHub/Laure/Lost_In_The_House/Saved/Lost_In_The_HouseA57A95DD4C8231A51A1F68AEE6063F2E.tmp' to '../../../../../../Users/flori/OneDrive/Documents/GitHub/Laure/Lost_In_The_House/Content/Lost_In_The_House.umap'
[2020.11.06-17.06.40:572][344]LogSavePackage: Moving '../../../../../../Users/flori/OneDrive/Documents/GitHub/Laure/Lost_In_The_House/Saved/Lost_In_The_House_BuiltData12DB28D8463A037D1D9A09843D94EF59.tmp' to '../../../../../../Users/flori/OneDrive/Documents/GitHub/Laure/Lost_In_The_House/Content/Lost_In_The_House_BuiltData.uasset'
[2020.11.06-17.06.40:583][344]AssetCheck: New page: Asset Save: multiple assets
[2020.11.06-17.06.40:583][344]LogContentValidation: Display: Validating World /Game/Lost_In_The_House.Lost_In_The_House
[2020.11.06-17.06.40:583][344]LogContentValidation: Display: Validating MapBuildDataRegistry /Game/Lost_In_The_House_BuiltData.Lost_In_The_House_BuiltData
[2020.11.06-17.06.42:299][547]LogUObjectHash: Compacting FUObjectHashTables data took   0.53ms
[2020.11.06-17.06.42:309][547]LogSavePackage: Moving '../../../../../../Users/flori/OneDrive/Documents/GitHub/Laure/Lost_In_The_House/Saved/Lost_In_The_House0B9DB67742DC8CC11CE94FB6D09581BE.tmp' to '../../../../../../Users/flori/OneDrive/Documents/GitHub/Laure/Lost_In_The_House/Content/Lost_In_The_House.umap'
[2020.11.06-17.06.42:323][547]LogSavePackage: Moving '../../../../../../Users/flori/OneDrive/Documents/GitHub/Laure/Lost_In_The_House/Saved/Lost_In_The_House_BuiltDataF20E4AF348AE80B89C391D9E2A21C976.tmp' to '../../../../../../Users/flori/OneDrive/Documents/GitHub/Laure/Lost_In_The_House/Content/Lost_In_The_House_BuiltData.uasset'
[2020.11.06-17.06.42:333][547]AssetCheck: New page: Asset Save: multiple assets
[2020.11.06-17.06.42:333][547]LogContentValidation: Display: Validating World /Game/Lost_In_The_House.Lost_In_The_House
[2020.11.06-17.06.42:333][547]LogContentValidation: Display: Validating MapBuildDataRegistry /Game/Lost_In_The_House_BuiltData.Lost_In_The_House_BuiltData
